2017-01-29 13:56:07 [::1][-][-][warning][yii\log\Dispatcher::dispatch] Unable to send log via yii\debug\LogTarget: Exception (Invalid Configuration) 'yii\base\InvalidConfigException' with message 'The directory does not exist: D:/xampp/htdocs/tnde/backend/web/assets' 

in D:\xampp\htdocs\tnde\vendor\yiisoft\yii2\web\AssetManager.php:211

Stack trace:
#0 D:\xampp\htdocs\tnde\vendor\yiisoft\yii2\base\Object.php(107): yii\web\AssetManager->init()
#1 [internal function]: yii\base\Object->__construct(Array)
#2 D:\xampp\htdocs\tnde\vendor\yiisoft\yii2\di\Container.php(379): ReflectionClass->newInstanceArgs(Array)
#3 D:\xampp\htdocs\tnde\vendor\yiisoft\yii2\di\Container.php(154): yii\di\Container->build('yii\\web\\AssetMa...', Array, Array)
#4 D:\xampp\htdocs\tnde\vendor\yiisoft\yii2\BaseYii.php(344): yii\di\Container->get('yii\\web\\AssetMa...', Array, Array)
#5 D:\xampp\htdocs\tnde\vendor\yiisoft\yii2\di\ServiceLocator.php(133): yii\BaseYii::createObject(Array)
#6 D:\xampp\htdocs\tnde\vendor\yiisoft\yii2\base\Application.php(600): yii\di\ServiceLocator->get('assetManager')
#7 D:\xampp\htdocs\tnde\vendor\yiisoft\yii2\web\View.php(223): yii\base\Application->getAssetManager()
#8 D:\xampp\htdocs\tnde\vendor\yiisoft\yii2\base\Component.php(130): yii\web\View->getAssetManager()
#9 D:\xampp\htdocs\tnde\vendor\yiisoft\yii2-debug\panels\AssetPanel.php(53): yii\base\Component->__get('assetManager')
#10 D:\xampp\htdocs\tnde\vendor\yiisoft\yii2-debug\LogTarget.php(54): yii\debug\panels\AssetPanel->save()
#11 D:\xampp\htdocs\tnde\vendor\yiisoft\yii2-debug\LogTarget.php(118): yii\debug\LogTarget->export()
#12 D:\xampp\htdocs\tnde\vendor\yiisoft\yii2\log\Dispatcher.php(188): yii\debug\LogTarget->collect(Array, true)
#13 D:\xampp\htdocs\tnde\vendor\yiisoft\yii2\log\Logger.php(173): yii\log\Dispatcher->dispatch(Array, true)
#14 [internal function]: yii\log\Logger->flush(true)
#15 {main}
2017-01-29 13:56:07 [::1][-][-][info][application] $_COOKIE = [
    '_identity' => '2e47093533102607c6c35e02da8ea7c244dfaf134aabf2287b4bb0f0ceb32b7ea:2:{i:0;s:9:\"_identity\";i:1;s:46:\"[1,\"OhM2qyAgJjPR2W47nFbL1saItW08AlA3\",2592000]\";}'
    '_identity-backend' => 'fc414f0e5b31e73aed39a0ba28bb2a307166fec087283b619666b84b13384baba:2:{i:0;s:17:\"_identity-backend\";i:1;s:46:\"[1,\"OhM2qyAgJjPR2W47nFbL1saItW08AlA3\",2592000]\";}'
    'advanced-backend' => 'jieib6585fvpd5orj5m0p7vhh3'
    '_csrf-backend' => 'f1053bdaf2afcac7cde739c1dadb1738b36d219309bf68160334357e420fdc30a:2:{i:0;s:13:\"_csrf-backend\";i:1;s:32:\"vhBM96emcV8fWjyAWM3d-BT2leuixHGG\";}'
]

$_SESSION = [
    '__flash' => []
    '__returnUrl' => '/tnde/backend/web/'
]

$_SERVER = [
    'MIBDIRS' => 'D:/xampp/php/extras/mibs'
    'MYSQL_HOME' => '\\xampp\\mysql\\bin'
    'OPENSSL_CONF' => 'D:/xampp/apache/bin/openssl.cnf'
    'PHP_PEAR_SYSCONF_DIR' => '\\xampp\\php'
    'PHPRC' => '\\xampp\\php'
    'TMP' => '\\xampp\\tmp'
    'HTTP_HOST' => 'localhost'
    'HTTP_CONNECTION' => 'keep-alive'
    'HTTP_UPGRADE_INSECURE_REQUESTS' => '1'
    'HTTP_USER_AGENT' => 'Mozilla/5.0 (Windows NT 10.0; Win64; x64) AppleWebKit/537.36 (KHTML, like Gecko) Chrome/55.0.2883.87 Safari/537.36'
    'HTTP_ACCEPT' => 'text/html,application/xhtml+xml,application/xml;q=0.9,image/webp,*/*;q=0.8'
    'HTTP_REFERER' => 'http://localhost/tnde/backend/'
    'HTTP_ACCEPT_ENCODING' => 'gzip, deflate, sdch, br'
    'HTTP_ACCEPT_LANGUAGE' => 'en-US,en;q=0.8'
    'HTTP_COOKIE' => '_identity=2e47093533102607c6c35e02da8ea7c244dfaf134aabf2287b4bb0f0ceb32b7ea%3A2%3A%7Bi%3A0%3Bs%3A9%3A%22_identity%22%3Bi%3A1%3Bs%3A46%3A%22%5B1%2C%22OhM2qyAgJjPR2W47nFbL1saItW08AlA3%22%2C2592000%5D%22%3B%7D; _identity-backend=fc414f0e5b31e73aed39a0ba28bb2a307166fec087283b619666b84b13384baba%3A2%3A%7Bi%3A0%3Bs%3A17%3A%22_identity-backend%22%3Bi%3A1%3Bs%3A46%3A%22%5B1%2C%22OhM2qyAgJjPR2W47nFbL1saItW08AlA3%22%2C2592000%5D%22%3B%7D; advanced-backend=jieib6585fvpd5orj5m0p7vhh3; _csrf-backend=f1053bdaf2afcac7cde739c1dadb1738b36d219309bf68160334357e420fdc30a%3A2%3A%7Bi%3A0%3Bs%3A13%3A%22_csrf-backend%22%3Bi%3A1%3Bs%3A32%3A%22vhBM96emcV8fWjyAWM3d-BT2leuixHGG%22%3B%7D'
    'PATH' => 'C:\\ProgramData\\Oracle\\Java\\javapath;C:\\Program Files (x86)\\Intel\\iCLS Client\\;C:\\Program Files\\Intel\\iCLS Client\\;C:\\WINDOWS\\system32;C:\\WINDOWS;C:\\WINDOWS\\System32\\Wbem;C:\\WINDOWS\\System32\\WindowsPowerShell\\v1.0\\;C:\\Program Files\\Intel\\Intel(R) Management Engine Components\\DAL;C:\\Program Files (x86)\\Intel\\Intel(R) Management Engine Components\\DAL;C:\\Program Files\\Intel\\Intel(R) Management Engine Components\\IPT;C:\\Program Files (x86)\\Intel\\Intel(R) Management Engine Components\\IPT;C:\\Program Files (x86)\\Skype\\Phone\\;C:\\Program Files (x86)\\Microsoft SQL Server\\100\\Tools\\Binn\\;C:\\Program Files\\Microsoft SQL Server\\100\\Tools\\Binn\\;C:\\Program Files\\Microsoft SQL Server\\100\\DTS\\Binn\\;D:\\xampp\\php;C:\\ProgramData\\ComposerSetup\\bin;C:\\Program Files\\Git\\cmd;C:\\Program Files (x86)\\Windows Live\\Shared;C:\\Users\\Administrator\\AppData\\Local\\Microsoft\\WindowsApps;C:\\Users\\Administrator\\AppData\\Roaming\\Composer\\vendor\\bin'
    'SystemRoot' => 'C:\\WINDOWS'
    'COMSPEC' => 'C:\\WINDOWS\\system32\\cmd.exe'
    'PATHEXT' => '.COM;.EXE;.BAT;.CMD;.VBS;.VBE;.JS;.JSE;.WSF;.WSH;.MSC'
    'WINDIR' => 'C:\\WINDOWS'
    'SERVER_SIGNATURE' => '<address>Apache/2.4.23 (Win32) OpenSSL/1.0.2h Server at localhost Port 80</address>
'
    'SERVER_SOFTWARE' => 'Apache/2.4.23 (Win32) OpenSSL/1.0.2h'
    'SERVER_NAME' => 'localhost'
    'SERVER_ADDR' => '::1'
    'SERVER_PORT' => '80'
    'REMOTE_ADDR' => '::1'
    'DOCUMENT_ROOT' => 'D:/xampp/htdocs'
    'REQUEST_SCHEME' => 'http'
    'CONTEXT_PREFIX' => ''
    'CONTEXT_DOCUMENT_ROOT' => 'D:/xampp/htdocs'
    'SERVER_ADMIN' => 'postmaster@localhost'
    'SCRIPT_FILENAME' => 'D:/xampp/htdocs/tnde/backend/web/index.php'
    'REMOTE_PORT' => '50813'
    'GATEWAY_INTERFACE' => 'CGI/1.1'
    'SERVER_PROTOCOL' => 'HTTP/1.1'
    'REQUEST_METHOD' => 'GET'
    'QUERY_STRING' => ''
    'REQUEST_URI' => '/tnde/backend/web/'
    'SCRIPT_NAME' => '/tnde/backend/web/index.php'
    'PHP_SELF' => '/tnde/backend/web/index.php'
    'REQUEST_TIME_FLOAT' => 1485694566.951
    'REQUEST_TIME' => 1485694566
]
2017-01-29 13:56:07 [::1][-][jieib6585fvpd5orj5m0p7vhh3][error][yii\base\InvalidConfigException] exception 'yii\base\InvalidConfigException' with message 'The directory does not exist: D:/xampp/htdocs/tnde/backend/web/assets' in D:\xampp\htdocs\tnde\vendor\yiisoft\yii2\web\AssetManager.php:211
Stack trace:
#0 D:\xampp\htdocs\tnde\vendor\yiisoft\yii2\base\Object.php(107): yii\web\AssetManager->init()
#1 [internal function]: yii\base\Object->__construct(Array)
#2 D:\xampp\htdocs\tnde\vendor\yiisoft\yii2\di\Container.php(379): ReflectionClass->newInstanceArgs(Array)
#3 D:\xampp\htdocs\tnde\vendor\yiisoft\yii2\di\Container.php(154): yii\di\Container->build('yii\\web\\AssetMa...', Array, Array)
#4 D:\xampp\htdocs\tnde\vendor\yiisoft\yii2\BaseYii.php(344): yii\di\Container->get('yii\\web\\AssetMa...', Array, Array)
#5 D:\xampp\htdocs\tnde\vendor\yiisoft\yii2\di\ServiceLocator.php(133): yii\BaseYii::createObject(Array)
#6 D:\xampp\htdocs\tnde\vendor\yiisoft\yii2\base\Application.php(600): yii\di\ServiceLocator->get('assetManager')
#7 D:\xampp\htdocs\tnde\vendor\yiisoft\yii2\web\View.php(223): yii\base\Application->getAssetManager()
#8 D:\xampp\htdocs\tnde\vendor\yiisoft\yii2\web\View.php(283): yii\web\View->getAssetManager()
#9 D:\xampp\htdocs\tnde\vendor\yiisoft\yii2\web\AssetBundle.php(123): yii\web\View->registerAssetBundle('yii\\widgets\\Act...')
#10 D:\xampp\htdocs\tnde\vendor\yiisoft\yii2\widgets\ActiveForm.php(205): yii\web\AssetBundle::register(Object(yii\web\View))
#11 D:\xampp\htdocs\tnde\vendor\yiisoft\yii2\base\Widget.php(77): yii\widgets\ActiveForm->run()
#12 D:\xampp\htdocs\tnde\backend\views\site\login.php(59): yii\base\Widget::end()
#13 D:\xampp\htdocs\tnde\vendor\yiisoft\yii2\base\View.php(326): require('D:\\xampp\\htdocs...')
#14 D:\xampp\htdocs\tnde\vendor\yiisoft\yii2\base\View.php(248): yii\base\View->renderPhpFile('D:\\xampp\\htdocs...', Array)
#15 D:\xampp\htdocs\tnde\vendor\yiisoft\yii2\base\View.php(150): yii\base\View->renderFile('D:\\xampp\\htdocs...', Array, Object(backend\controllers\SiteController))
#16 D:\xampp\htdocs\tnde\vendor\yiisoft\yii2\base\Controller.php(378): yii\base\View->render('login', Array, Object(backend\controllers\SiteController))
#17 D:\xampp\htdocs\tnde\backend\controllers\SiteController.php(83): yii\base\Controller->render('login', Array)
#18 [internal function]: backend\controllers\SiteController->actionLogin()
#19 D:\xampp\htdocs\tnde\vendor\yiisoft\yii2\base\InlineAction.php(55): call_user_func_array(Array, Array)
#20 D:\xampp\htdocs\tnde\vendor\yiisoft\yii2\base\Controller.php(154): yii\base\InlineAction->runWithParams(Array)
#21 D:\xampp\htdocs\tnde\vendor\yiisoft\yii2\base\Module.php(454): yii\base\Controller->runAction('login', Array)
#22 D:\xampp\htdocs\tnde\vendor\yiisoft\yii2\web\Application.php(100): yii\base\Module->runAction('site/login', Array)
#23 D:\xampp\htdocs\tnde\vendor\yiisoft\yii2\base\Application.php(375): yii\web\Application->handleRequest(Object(yii\web\Request))
#24 D:\xampp\htdocs\tnde\backend\web\index.php(17): yii\base\Application->run()
#25 {main}
2017-01-29 13:56:07 [::1][-][jieib6585fvpd5orj5m0p7vhh3][info][application] $_GET = [
    'r' => 'site/login'
]

$_COOKIE = [
    '_identity' => '2e47093533102607c6c35e02da8ea7c244dfaf134aabf2287b4bb0f0ceb32b7ea:2:{i:0;s:9:\"_identity\";i:1;s:46:\"[1,\"OhM2qyAgJjPR2W47nFbL1saItW08AlA3\",2592000]\";}'
    '_identity-backend' => 'fc414f0e5b31e73aed39a0ba28bb2a307166fec087283b619666b84b13384baba:2:{i:0;s:17:\"_identity-backend\";i:1;s:46:\"[1,\"OhM2qyAgJjPR2W47nFbL1saItW08AlA3\",2592000]\";}'
    'advanced-backend' => 'jieib6585fvpd5orj5m0p7vhh3'
    '_csrf-backend' => 'f1053bdaf2afcac7cde739c1dadb1738b36d219309bf68160334357e420fdc30a:2:{i:0;s:13:\"_csrf-backend\";i:1;s:32:\"vhBM96emcV8fWjyAWM3d-BT2leuixHGG\";}'
]

$_SESSION = [
    '__flash' => []
    '__returnUrl' => '/tnde/backend/web/'
]

$_SERVER = [
    'MIBDIRS' => 'D:/xampp/php/extras/mibs'
    'MYSQL_HOME' => '\\xampp\\mysql\\bin'
    'OPENSSL_CONF' => 'D:/xampp/apache/bin/openssl.cnf'
    'PHP_PEAR_SYSCONF_DIR' => '\\xampp\\php'
    'PHPRC' => '\\xampp\\php'
    'TMP' => '\\xampp\\tmp'
    'HTTP_HOST' => 'localhost'
    'HTTP_CONNECTION' => 'keep-alive'
    'HTTP_UPGRADE_INSECURE_REQUESTS' => '1'
    'HTTP_USER_AGENT' => 'Mozilla/5.0 (Windows NT 10.0; Win64; x64) AppleWebKit/537.36 (KHTML, like Gecko) Chrome/55.0.2883.87 Safari/537.36'
    'HTTP_ACCEPT' => 'text/html,application/xhtml+xml,application/xml;q=0.9,image/webp,*/*;q=0.8'
    'HTTP_REFERER' => 'http://localhost/tnde/backend/'
    'HTTP_ACCEPT_ENCODING' => 'gzip, deflate, sdch, br'
    'HTTP_ACCEPT_LANGUAGE' => 'en-US,en;q=0.8'
    'HTTP_COOKIE' => '_identity=2e47093533102607c6c35e02da8ea7c244dfaf134aabf2287b4bb0f0ceb32b7ea%3A2%3A%7Bi%3A0%3Bs%3A9%3A%22_identity%22%3Bi%3A1%3Bs%3A46%3A%22%5B1%2C%22OhM2qyAgJjPR2W47nFbL1saItW08AlA3%22%2C2592000%5D%22%3B%7D; _identity-backend=fc414f0e5b31e73aed39a0ba28bb2a307166fec087283b619666b84b13384baba%3A2%3A%7Bi%3A0%3Bs%3A17%3A%22_identity-backend%22%3Bi%3A1%3Bs%3A46%3A%22%5B1%2C%22OhM2qyAgJjPR2W47nFbL1saItW08AlA3%22%2C2592000%5D%22%3B%7D; advanced-backend=jieib6585fvpd5orj5m0p7vhh3; _csrf-backend=f1053bdaf2afcac7cde739c1dadb1738b36d219309bf68160334357e420fdc30a%3A2%3A%7Bi%3A0%3Bs%3A13%3A%22_csrf-backend%22%3Bi%3A1%3Bs%3A32%3A%22vhBM96emcV8fWjyAWM3d-BT2leuixHGG%22%3B%7D'
    'PATH' => 'C:\\ProgramData\\Oracle\\Java\\javapath;C:\\Program Files (x86)\\Intel\\iCLS Client\\;C:\\Program Files\\Intel\\iCLS Client\\;C:\\WINDOWS\\system32;C:\\WINDOWS;C:\\WINDOWS\\System32\\Wbem;C:\\WINDOWS\\System32\\WindowsPowerShell\\v1.0\\;C:\\Program Files\\Intel\\Intel(R) Management Engine Components\\DAL;C:\\Program Files (x86)\\Intel\\Intel(R) Management Engine Components\\DAL;C:\\Program Files\\Intel\\Intel(R) Management Engine Components\\IPT;C:\\Program Files (x86)\\Intel\\Intel(R) Management Engine Components\\IPT;C:\\Program Files (x86)\\Skype\\Phone\\;C:\\Program Files (x86)\\Microsoft SQL Server\\100\\Tools\\Binn\\;C:\\Program Files\\Microsoft SQL Server\\100\\Tools\\Binn\\;C:\\Program Files\\Microsoft SQL Server\\100\\DTS\\Binn\\;D:\\xampp\\php;C:\\ProgramData\\ComposerSetup\\bin;C:\\Program Files\\Git\\cmd;C:\\Program Files (x86)\\Windows Live\\Shared;C:\\Users\\Administrator\\AppData\\Local\\Microsoft\\WindowsApps;C:\\Users\\Administrator\\AppData\\Roaming\\Composer\\vendor\\bin'
    'SystemRoot' => 'C:\\WINDOWS'
    'COMSPEC' => 'C:\\WINDOWS\\system32\\cmd.exe'
    'PATHEXT' => '.COM;.EXE;.BAT;.CMD;.VBS;.VBE;.JS;.JSE;.WSF;.WSH;.MSC'
    'WINDIR' => 'C:\\WINDOWS'
    'SERVER_SIGNATURE' => '<address>Apache/2.4.23 (Win32) OpenSSL/1.0.2h Server at localhost Port 80</address>
'
    'SERVER_SOFTWARE' => 'Apache/2.4.23 (Win32) OpenSSL/1.0.2h'
    'SERVER_NAME' => 'localhost'
    'SERVER_ADDR' => '::1'
    'SERVER_PORT' => '80'
    'REMOTE_ADDR' => '::1'
    'DOCUMENT_ROOT' => 'D:/xampp/htdocs'
    'REQUEST_SCHEME' => 'http'
    'CONTEXT_PREFIX' => ''
    'CONTEXT_DOCUMENT_ROOT' => 'D:/xampp/htdocs'
    'SERVER_ADMIN' => 'postmaster@localhost'
    'SCRIPT_FILENAME' => 'D:/xampp/htdocs/tnde/backend/web/index.php'
    'REMOTE_PORT' => '50813'
    'GATEWAY_INTERFACE' => 'CGI/1.1'
    'SERVER_PROTOCOL' => 'HTTP/1.1'
    'REQUEST_METHOD' => 'GET'
    'QUERY_STRING' => 'r=site%2Flogin'
    'REQUEST_URI' => '/tnde/backend/web/index.php?r=site%2Flogin'
    'SCRIPT_NAME' => '/tnde/backend/web/index.php'
    'PHP_SELF' => '/tnde/backend/web/index.php'
    'REQUEST_TIME_FLOAT' => 1485694567.405
    'REQUEST_TIME' => 1485694567
]
2017-01-29 13:56:07 [::1][-][jieib6585fvpd5orj5m0p7vhh3][warning][yii\log\Dispatcher::dispatch] Unable to send log via yii\debug\LogTarget: Exception (Invalid Configuration) 'yii\base\InvalidConfigException' with message 'The directory does not exist: D:/xampp/htdocs/tnde/backend/web/assets' 

in D:\xampp\htdocs\tnde\vendor\yiisoft\yii2\web\AssetManager.php:211

Stack trace:
#0 D:\xampp\htdocs\tnde\vendor\yiisoft\yii2\base\Object.php(107): yii\web\AssetManager->init()
#1 [internal function]: yii\base\Object->__construct(Array)
#2 D:\xampp\htdocs\tnde\vendor\yiisoft\yii2\di\Container.php(379): ReflectionClass->newInstanceArgs(Array)
#3 D:\xampp\htdocs\tnde\vendor\yiisoft\yii2\di\Container.php(154): yii\di\Container->build('yii\\web\\AssetMa...', Array, Array)
#4 D:\xampp\htdocs\tnde\vendor\yiisoft\yii2\BaseYii.php(344): yii\di\Container->get('yii\\web\\AssetMa...', Array, Array)
#5 D:\xampp\htdocs\tnde\vendor\yiisoft\yii2\di\ServiceLocator.php(133): yii\BaseYii::createObject(Array)
#6 D:\xampp\htdocs\tnde\vendor\yiisoft\yii2\base\Application.php(600): yii\di\ServiceLocator->get('assetManager')
#7 D:\xampp\htdocs\tnde\vendor\yiisoft\yii2\web\View.php(223): yii\base\Application->getAssetManager()
#8 D:\xampp\htdocs\tnde\vendor\yiisoft\yii2\base\Component.php(130): yii\web\View->getAssetManager()
#9 D:\xampp\htdocs\tnde\vendor\yiisoft\yii2-debug\panels\AssetPanel.php(53): yii\base\Component->__get('assetManager')
#10 D:\xampp\htdocs\tnde\vendor\yiisoft\yii2-debug\LogTarget.php(54): yii\debug\panels\AssetPanel->save()
#11 D:\xampp\htdocs\tnde\vendor\yiisoft\yii2-debug\LogTarget.php(118): yii\debug\LogTarget->export()
#12 D:\xampp\htdocs\tnde\vendor\yiisoft\yii2\log\Dispatcher.php(188): yii\debug\LogTarget->collect(Array, true)
#13 D:\xampp\htdocs\tnde\vendor\yiisoft\yii2\log\Logger.php(173): yii\log\Dispatcher->dispatch(Array, true)
#14 D:\xampp\htdocs\tnde\vendor\yiisoft\yii2\base\ErrorHandler.php(111): yii\log\Logger->flush(true)
#15 [internal function]: yii\base\ErrorHandler->handleException(Object(yii\base\InvalidConfigException))
#16 {main}
2017-01-29 13:56:07 [::1][-][jieib6585fvpd5orj5m0p7vhh3][info][application] $_GET = [
    'r' => 'site/login'
]

$_COOKIE = [
    '_identity' => '2e47093533102607c6c35e02da8ea7c244dfaf134aabf2287b4bb0f0ceb32b7ea:2:{i:0;s:9:\"_identity\";i:1;s:46:\"[1,\"OhM2qyAgJjPR2W47nFbL1saItW08AlA3\",2592000]\";}'
    '_identity-backend' => 'fc414f0e5b31e73aed39a0ba28bb2a307166fec087283b619666b84b13384baba:2:{i:0;s:17:\"_identity-backend\";i:1;s:46:\"[1,\"OhM2qyAgJjPR2W47nFbL1saItW08AlA3\",2592000]\";}'
    'advanced-backend' => 'jieib6585fvpd5orj5m0p7vhh3'
    '_csrf-backend' => 'f1053bdaf2afcac7cde739c1dadb1738b36d219309bf68160334357e420fdc30a:2:{i:0;s:13:\"_csrf-backend\";i:1;s:32:\"vhBM96emcV8fWjyAWM3d-BT2leuixHGG\";}'
]

$_SESSION = [
    '__flash' => []
    '__returnUrl' => '/tnde/backend/web/'
]

$_SERVER = [
    'MIBDIRS' => 'D:/xampp/php/extras/mibs'
    'MYSQL_HOME' => '\\xampp\\mysql\\bin'
    'OPENSSL_CONF' => 'D:/xampp/apache/bin/openssl.cnf'
    'PHP_PEAR_SYSCONF_DIR' => '\\xampp\\php'
    'PHPRC' => '\\xampp\\php'
    'TMP' => '\\xampp\\tmp'
    'HTTP_HOST' => 'localhost'
    'HTTP_CONNECTION' => 'keep-alive'
    'HTTP_UPGRADE_INSECURE_REQUESTS' => '1'
    'HTTP_USER_AGENT' => 'Mozilla/5.0 (Windows NT 10.0; Win64; x64) AppleWebKit/537.36 (KHTML, like Gecko) Chrome/55.0.2883.87 Safari/537.36'
    'HTTP_ACCEPT' => 'text/html,application/xhtml+xml,application/xml;q=0.9,image/webp,*/*;q=0.8'
    'HTTP_REFERER' => 'http://localhost/tnde/backend/'
    'HTTP_ACCEPT_ENCODING' => 'gzip, deflate, sdch, br'
    'HTTP_ACCEPT_LANGUAGE' => 'en-US,en;q=0.8'
    'HTTP_COOKIE' => '_identity=2e47093533102607c6c35e02da8ea7c244dfaf134aabf2287b4bb0f0ceb32b7ea%3A2%3A%7Bi%3A0%3Bs%3A9%3A%22_identity%22%3Bi%3A1%3Bs%3A46%3A%22%5B1%2C%22OhM2qyAgJjPR2W47nFbL1saItW08AlA3%22%2C2592000%5D%22%3B%7D; _identity-backend=fc414f0e5b31e73aed39a0ba28bb2a307166fec087283b619666b84b13384baba%3A2%3A%7Bi%3A0%3Bs%3A17%3A%22_identity-backend%22%3Bi%3A1%3Bs%3A46%3A%22%5B1%2C%22OhM2qyAgJjPR2W47nFbL1saItW08AlA3%22%2C2592000%5D%22%3B%7D; advanced-backend=jieib6585fvpd5orj5m0p7vhh3; _csrf-backend=f1053bdaf2afcac7cde739c1dadb1738b36d219309bf68160334357e420fdc30a%3A2%3A%7Bi%3A0%3Bs%3A13%3A%22_csrf-backend%22%3Bi%3A1%3Bs%3A32%3A%22vhBM96emcV8fWjyAWM3d-BT2leuixHGG%22%3B%7D'
    'PATH' => 'C:\\ProgramData\\Oracle\\Java\\javapath;C:\\Program Files (x86)\\Intel\\iCLS Client\\;C:\\Program Files\\Intel\\iCLS Client\\;C:\\WINDOWS\\system32;C:\\WINDOWS;C:\\WINDOWS\\System32\\Wbem;C:\\WINDOWS\\System32\\WindowsPowerShell\\v1.0\\;C:\\Program Files\\Intel\\Intel(R) Management Engine Components\\DAL;C:\\Program Files (x86)\\Intel\\Intel(R) Management Engine Components\\DAL;C:\\Program Files\\Intel\\Intel(R) Management Engine Components\\IPT;C:\\Program Files (x86)\\Intel\\Intel(R) Management Engine Components\\IPT;C:\\Program Files (x86)\\Skype\\Phone\\;C:\\Program Files (x86)\\Microsoft SQL Server\\100\\Tools\\Binn\\;C:\\Program Files\\Microsoft SQL Server\\100\\Tools\\Binn\\;C:\\Program Files\\Microsoft SQL Server\\100\\DTS\\Binn\\;D:\\xampp\\php;C:\\ProgramData\\ComposerSetup\\bin;C:\\Program Files\\Git\\cmd;C:\\Program Files (x86)\\Windows Live\\Shared;C:\\Users\\Administrator\\AppData\\Local\\Microsoft\\WindowsApps;C:\\Users\\Administrator\\AppData\\Roaming\\Composer\\vendor\\bin'
    'SystemRoot' => 'C:\\WINDOWS'
    'COMSPEC' => 'C:\\WINDOWS\\system32\\cmd.exe'
    'PATHEXT' => '.COM;.EXE;.BAT;.CMD;.VBS;.VBE;.JS;.JSE;.WSF;.WSH;.MSC'
    'WINDIR' => 'C:\\WINDOWS'
    'SERVER_SIGNATURE' => '<address>Apache/2.4.23 (Win32) OpenSSL/1.0.2h Server at localhost Port 80</address>
'
    'SERVER_SOFTWARE' => 'Apache/2.4.23 (Win32) OpenSSL/1.0.2h'
    'SERVER_NAME' => 'localhost'
    'SERVER_ADDR' => '::1'
    'SERVER_PORT' => '80'
    'REMOTE_ADDR' => '::1'
    'DOCUMENT_ROOT' => 'D:/xampp/htdocs'
    'REQUEST_SCHEME' => 'http'
    'CONTEXT_PREFIX' => ''
    'CONTEXT_DOCUMENT_ROOT' => 'D:/xampp/htdocs'
    'SERVER_ADMIN' => 'postmaster@localhost'
    'SCRIPT_FILENAME' => 'D:/xampp/htdocs/tnde/backend/web/index.php'
    'REMOTE_PORT' => '50813'
    'GATEWAY_INTERFACE' => 'CGI/1.1'
    'SERVER_PROTOCOL' => 'HTTP/1.1'
    'REQUEST_METHOD' => 'GET'
    'QUERY_STRING' => 'r=site%2Flogin'
    'REQUEST_URI' => '/tnde/backend/web/index.php?r=site%2Flogin'
    'SCRIPT_NAME' => '/tnde/backend/web/index.php'
    'PHP_SELF' => '/tnde/backend/web/index.php'
    'REQUEST_TIME_FLOAT' => 1485694567.405
    'REQUEST_TIME' => 1485694567
]
2017-01-29 13:57:13 [::1][-][jieib6585fvpd5orj5m0p7vhh3][error][yii\base\InvalidConfigException] exception 'yii\base\InvalidConfigException' with message 'The directory does not exist: D:/xampp/htdocs/tnde/backend/web/assets' in D:\xampp\htdocs\tnde\vendor\yiisoft\yii2\web\AssetManager.php:211
Stack trace:
#0 D:\xampp\htdocs\tnde\vendor\yiisoft\yii2\base\Object.php(107): yii\web\AssetManager->init()
#1 [internal function]: yii\base\Object->__construct(Array)
#2 D:\xampp\htdocs\tnde\vendor\yiisoft\yii2\di\Container.php(379): ReflectionClass->newInstanceArgs(Array)
#3 D:\xampp\htdocs\tnde\vendor\yiisoft\yii2\di\Container.php(154): yii\di\Container->build('yii\\web\\AssetMa...', Array, Array)
#4 D:\xampp\htdocs\tnde\vendor\yiisoft\yii2\BaseYii.php(344): yii\di\Container->get('yii\\web\\AssetMa...', Array, Array)
#5 D:\xampp\htdocs\tnde\vendor\yiisoft\yii2\di\ServiceLocator.php(133): yii\BaseYii::createObject(Array)
#6 D:\xampp\htdocs\tnde\vendor\yiisoft\yii2\base\Application.php(600): yii\di\ServiceLocator->get('assetManager')
#7 D:\xampp\htdocs\tnde\vendor\yiisoft\yii2\web\View.php(223): yii\base\Application->getAssetManager()
#8 D:\xampp\htdocs\tnde\vendor\yiisoft\yii2\web\View.php(283): yii\web\View->getAssetManager()
#9 D:\xampp\htdocs\tnde\vendor\yiisoft\yii2\web\AssetBundle.php(123): yii\web\View->registerAssetBundle('yii\\widgets\\Act...')
#10 D:\xampp\htdocs\tnde\vendor\yiisoft\yii2\widgets\ActiveForm.php(205): yii\web\AssetBundle::register(Object(yii\web\View))
#11 D:\xampp\htdocs\tnde\vendor\yiisoft\yii2\base\Widget.php(77): yii\widgets\ActiveForm->run()
#12 D:\xampp\htdocs\tnde\backend\views\site\login.php(59): yii\base\Widget::end()
#13 D:\xampp\htdocs\tnde\vendor\yiisoft\yii2\base\View.php(326): require('D:\\xampp\\htdocs...')
#14 D:\xampp\htdocs\tnde\vendor\yiisoft\yii2\base\View.php(248): yii\base\View->renderPhpFile('D:\\xampp\\htdocs...', Array)
#15 D:\xampp\htdocs\tnde\vendor\yiisoft\yii2\base\View.php(150): yii\base\View->renderFile('D:\\xampp\\htdocs...', Array, Object(backend\controllers\SiteController))
#16 D:\xampp\htdocs\tnde\vendor\yiisoft\yii2\base\Controller.php(378): yii\base\View->render('login', Array, Object(backend\controllers\SiteController))
#17 D:\xampp\htdocs\tnde\backend\controllers\SiteController.php(83): yii\base\Controller->render('login', Array)
#18 [internal function]: backend\controllers\SiteController->actionLogin()
#19 D:\xampp\htdocs\tnde\vendor\yiisoft\yii2\base\InlineAction.php(55): call_user_func_array(Array, Array)
#20 D:\xampp\htdocs\tnde\vendor\yiisoft\yii2\base\Controller.php(154): yii\base\InlineAction->runWithParams(Array)
#21 D:\xampp\htdocs\tnde\vendor\yiisoft\yii2\base\Module.php(454): yii\base\Controller->runAction('login', Array)
#22 D:\xampp\htdocs\tnde\vendor\yiisoft\yii2\web\Application.php(100): yii\base\Module->runAction('site/login', Array)
#23 D:\xampp\htdocs\tnde\vendor\yiisoft\yii2\base\Application.php(375): yii\web\Application->handleRequest(Object(yii\web\Request))
#24 D:\xampp\htdocs\tnde\backend\web\index.php(17): yii\base\Application->run()
#25 {main}
2017-01-29 13:57:13 [::1][-][jieib6585fvpd5orj5m0p7vhh3][info][application] $_GET = [
    'r' => 'site/login'
]

$_COOKIE = [
    '_identity' => '2e47093533102607c6c35e02da8ea7c244dfaf134aabf2287b4bb0f0ceb32b7ea:2:{i:0;s:9:\"_identity\";i:1;s:46:\"[1,\"OhM2qyAgJjPR2W47nFbL1saItW08AlA3\",2592000]\";}'
    '_identity-backend' => 'fc414f0e5b31e73aed39a0ba28bb2a307166fec087283b619666b84b13384baba:2:{i:0;s:17:\"_identity-backend\";i:1;s:46:\"[1,\"OhM2qyAgJjPR2W47nFbL1saItW08AlA3\",2592000]\";}'
    'advanced-backend' => 'jieib6585fvpd5orj5m0p7vhh3'
    '_csrf-backend' => '177e2bf2e99a9ae36ab2c35a25550d86e599e936172860cfa39dde33811d9c7ea:2:{i:0;s:13:\"_csrf-backend\";i:1;s:32:\"fLfok-Ksh7-BGUecoyRpVm8Yi8G3mU0z\";}'
]

$_SESSION = [
    '__flash' => []
    '__returnUrl' => '/tnde/backend/web/'
]

$_SERVER = [
    'MIBDIRS' => 'D:/xampp/php/extras/mibs'
    'MYSQL_HOME' => '\\xampp\\mysql\\bin'
    'OPENSSL_CONF' => 'D:/xampp/apache/bin/openssl.cnf'
    'PHP_PEAR_SYSCONF_DIR' => '\\xampp\\php'
    'PHPRC' => '\\xampp\\php'
    'TMP' => '\\xampp\\tmp'
    'HTTP_HOST' => 'localhost'
    'HTTP_CONNECTION' => 'keep-alive'
    'HTTP_CACHE_CONTROL' => 'max-age=0'
    'HTTP_UPGRADE_INSECURE_REQUESTS' => '1'
    'HTTP_USER_AGENT' => 'Mozilla/5.0 (Windows NT 10.0; Win64; x64) AppleWebKit/537.36 (KHTML, like Gecko) Chrome/55.0.2883.87 Safari/537.36'
    'HTTP_ACCEPT' => 'text/html,application/xhtml+xml,application/xml;q=0.9,image/webp,*/*;q=0.8'
    'HTTP_REFERER' => 'http://localhost/tnde/backend/'
    'HTTP_ACCEPT_ENCODING' => 'gzip, deflate, sdch, br'
    'HTTP_ACCEPT_LANGUAGE' => 'en-US,en;q=0.8'
    'HTTP_COOKIE' => '_identity=2e47093533102607c6c35e02da8ea7c244dfaf134aabf2287b4bb0f0ceb32b7ea%3A2%3A%7Bi%3A0%3Bs%3A9%3A%22_identity%22%3Bi%3A1%3Bs%3A46%3A%22%5B1%2C%22OhM2qyAgJjPR2W47nFbL1saItW08AlA3%22%2C2592000%5D%22%3B%7D; _identity-backend=fc414f0e5b31e73aed39a0ba28bb2a307166fec087283b619666b84b13384baba%3A2%3A%7Bi%3A0%3Bs%3A17%3A%22_identity-backend%22%3Bi%3A1%3Bs%3A46%3A%22%5B1%2C%22OhM2qyAgJjPR2W47nFbL1saItW08AlA3%22%2C2592000%5D%22%3B%7D; advanced-backend=jieib6585fvpd5orj5m0p7vhh3; _csrf-backend=177e2bf2e99a9ae36ab2c35a25550d86e599e936172860cfa39dde33811d9c7ea%3A2%3A%7Bi%3A0%3Bs%3A13%3A%22_csrf-backend%22%3Bi%3A1%3Bs%3A32%3A%22fLfok-Ksh7-BGUecoyRpVm8Yi8G3mU0z%22%3B%7D'
    'PATH' => 'C:\\ProgramData\\Oracle\\Java\\javapath;C:\\Program Files (x86)\\Intel\\iCLS Client\\;C:\\Program Files\\Intel\\iCLS Client\\;C:\\WINDOWS\\system32;C:\\WINDOWS;C:\\WINDOWS\\System32\\Wbem;C:\\WINDOWS\\System32\\WindowsPowerShell\\v1.0\\;C:\\Program Files\\Intel\\Intel(R) Management Engine Components\\DAL;C:\\Program Files (x86)\\Intel\\Intel(R) Management Engine Components\\DAL;C:\\Program Files\\Intel\\Intel(R) Management Engine Components\\IPT;C:\\Program Files (x86)\\Intel\\Intel(R) Management Engine Components\\IPT;C:\\Program Files (x86)\\Skype\\Phone\\;C:\\Program Files (x86)\\Microsoft SQL Server\\100\\Tools\\Binn\\;C:\\Program Files\\Microsoft SQL Server\\100\\Tools\\Binn\\;C:\\Program Files\\Microsoft SQL Server\\100\\DTS\\Binn\\;D:\\xampp\\php;C:\\ProgramData\\ComposerSetup\\bin;C:\\Program Files\\Git\\cmd;C:\\Program Files (x86)\\Windows Live\\Shared;C:\\Users\\Administrator\\AppData\\Local\\Microsoft\\WindowsApps;C:\\Users\\Administrator\\AppData\\Roaming\\Composer\\vendor\\bin'
    'SystemRoot' => 'C:\\WINDOWS'
    'COMSPEC' => 'C:\\WINDOWS\\system32\\cmd.exe'
    'PATHEXT' => '.COM;.EXE;.BAT;.CMD;.VBS;.VBE;.JS;.JSE;.WSF;.WSH;.MSC'
    'WINDIR' => 'C:\\WINDOWS'
    'SERVER_SIGNATURE' => '<address>Apache/2.4.23 (Win32) OpenSSL/1.0.2h Server at localhost Port 80</address>
'
    'SERVER_SOFTWARE' => 'Apache/2.4.23 (Win32) OpenSSL/1.0.2h'
    'SERVER_NAME' => 'localhost'
    'SERVER_ADDR' => '::1'
    'SERVER_PORT' => '80'
    'REMOTE_ADDR' => '::1'
    'DOCUMENT_ROOT' => 'D:/xampp/htdocs'
    'REQUEST_SCHEME' => 'http'
    'CONTEXT_PREFIX' => ''
    'CONTEXT_DOCUMENT_ROOT' => 'D:/xampp/htdocs'
    'SERVER_ADMIN' => 'postmaster@localhost'
    'SCRIPT_FILENAME' => 'D:/xampp/htdocs/tnde/backend/web/index.php'
    'REMOTE_PORT' => '50819'
    'GATEWAY_INTERFACE' => 'CGI/1.1'
    'SERVER_PROTOCOL' => 'HTTP/1.1'
    'REQUEST_METHOD' => 'GET'
    'QUERY_STRING' => 'r=site%2Flogin'
    'REQUEST_URI' => '/tnde/backend/web/index.php?r=site%2Flogin'
    'SCRIPT_NAME' => '/tnde/backend/web/index.php'
    'PHP_SELF' => '/tnde/backend/web/index.php'
    'REQUEST_TIME_FLOAT' => 1485694633.85
    'REQUEST_TIME' => 1485694633
]
2017-01-29 13:57:13 [::1][-][jieib6585fvpd5orj5m0p7vhh3][warning][yii\log\Dispatcher::dispatch] Unable to send log via yii\debug\LogTarget: Exception (Invalid Configuration) 'yii\base\InvalidConfigException' with message 'The directory does not exist: D:/xampp/htdocs/tnde/backend/web/assets' 

in D:\xampp\htdocs\tnde\vendor\yiisoft\yii2\web\AssetManager.php:211

Stack trace:
#0 D:\xampp\htdocs\tnde\vendor\yiisoft\yii2\base\Object.php(107): yii\web\AssetManager->init()
#1 [internal function]: yii\base\Object->__construct(Array)
#2 D:\xampp\htdocs\tnde\vendor\yiisoft\yii2\di\Container.php(379): ReflectionClass->newInstanceArgs(Array)
#3 D:\xampp\htdocs\tnde\vendor\yiisoft\yii2\di\Container.php(154): yii\di\Container->build('yii\\web\\AssetMa...', Array, Array)
#4 D:\xampp\htdocs\tnde\vendor\yiisoft\yii2\BaseYii.php(344): yii\di\Container->get('yii\\web\\AssetMa...', Array, Array)
#5 D:\xampp\htdocs\tnde\vendor\yiisoft\yii2\di\ServiceLocator.php(133): yii\BaseYii::createObject(Array)
#6 D:\xampp\htdocs\tnde\vendor\yiisoft\yii2\base\Application.php(600): yii\di\ServiceLocator->get('assetManager')
#7 D:\xampp\htdocs\tnde\vendor\yiisoft\yii2\web\View.php(223): yii\base\Application->getAssetManager()
#8 D:\xampp\htdocs\tnde\vendor\yiisoft\yii2\base\Component.php(130): yii\web\View->getAssetManager()
#9 D:\xampp\htdocs\tnde\vendor\yiisoft\yii2-debug\panels\AssetPanel.php(53): yii\base\Component->__get('assetManager')
#10 D:\xampp\htdocs\tnde\vendor\yiisoft\yii2-debug\LogTarget.php(54): yii\debug\panels\AssetPanel->save()
#11 D:\xampp\htdocs\tnde\vendor\yiisoft\yii2-debug\LogTarget.php(118): yii\debug\LogTarget->export()
#12 D:\xampp\htdocs\tnde\vendor\yiisoft\yii2\log\Dispatcher.php(188): yii\debug\LogTarget->collect(Array, true)
#13 D:\xampp\htdocs\tnde\vendor\yiisoft\yii2\log\Logger.php(173): yii\log\Dispatcher->dispatch(Array, true)
#14 D:\xampp\htdocs\tnde\vendor\yiisoft\yii2\base\ErrorHandler.php(111): yii\log\Logger->flush(true)
#15 [internal function]: yii\base\ErrorHandler->handleException(Object(yii\base\InvalidConfigException))
#16 {main}
2017-01-29 13:57:13 [::1][-][jieib6585fvpd5orj5m0p7vhh3][info][application] $_GET = [
    'r' => 'site/login'
]

$_COOKIE = [
    '_identity' => '2e47093533102607c6c35e02da8ea7c244dfaf134aabf2287b4bb0f0ceb32b7ea:2:{i:0;s:9:\"_identity\";i:1;s:46:\"[1,\"OhM2qyAgJjPR2W47nFbL1saItW08AlA3\",2592000]\";}'
    '_identity-backend' => 'fc414f0e5b31e73aed39a0ba28bb2a307166fec087283b619666b84b13384baba:2:{i:0;s:17:\"_identity-backend\";i:1;s:46:\"[1,\"OhM2qyAgJjPR2W47nFbL1saItW08AlA3\",2592000]\";}'
    'advanced-backend' => 'jieib6585fvpd5orj5m0p7vhh3'
    '_csrf-backend' => '177e2bf2e99a9ae36ab2c35a25550d86e599e936172860cfa39dde33811d9c7ea:2:{i:0;s:13:\"_csrf-backend\";i:1;s:32:\"fLfok-Ksh7-BGUecoyRpVm8Yi8G3mU0z\";}'
]

$_SESSION = [
    '__flash' => []
    '__returnUrl' => '/tnde/backend/web/'
]

$_SERVER = [
    'MIBDIRS' => 'D:/xampp/php/extras/mibs'
    'MYSQL_HOME' => '\\xampp\\mysql\\bin'
    'OPENSSL_CONF' => 'D:/xampp/apache/bin/openssl.cnf'
    'PHP_PEAR_SYSCONF_DIR' => '\\xampp\\php'
    'PHPRC' => '\\xampp\\php'
    'TMP' => '\\xampp\\tmp'
    'HTTP_HOST' => 'localhost'
    'HTTP_CONNECTION' => 'keep-alive'
    'HTTP_CACHE_CONTROL' => 'max-age=0'
    'HTTP_UPGRADE_INSECURE_REQUESTS' => '1'
    'HTTP_USER_AGENT' => 'Mozilla/5.0 (Windows NT 10.0; Win64; x64) AppleWebKit/537.36 (KHTML, like Gecko) Chrome/55.0.2883.87 Safari/537.36'
    'HTTP_ACCEPT' => 'text/html,application/xhtml+xml,application/xml;q=0.9,image/webp,*/*;q=0.8'
    'HTTP_REFERER' => 'http://localhost/tnde/backend/'
    'HTTP_ACCEPT_ENCODING' => 'gzip, deflate, sdch, br'
    'HTTP_ACCEPT_LANGUAGE' => 'en-US,en;q=0.8'
    'HTTP_COOKIE' => '_identity=2e47093533102607c6c35e02da8ea7c244dfaf134aabf2287b4bb0f0ceb32b7ea%3A2%3A%7Bi%3A0%3Bs%3A9%3A%22_identity%22%3Bi%3A1%3Bs%3A46%3A%22%5B1%2C%22OhM2qyAgJjPR2W47nFbL1saItW08AlA3%22%2C2592000%5D%22%3B%7D; _identity-backend=fc414f0e5b31e73aed39a0ba28bb2a307166fec087283b619666b84b13384baba%3A2%3A%7Bi%3A0%3Bs%3A17%3A%22_identity-backend%22%3Bi%3A1%3Bs%3A46%3A%22%5B1%2C%22OhM2qyAgJjPR2W47nFbL1saItW08AlA3%22%2C2592000%5D%22%3B%7D; advanced-backend=jieib6585fvpd5orj5m0p7vhh3; _csrf-backend=177e2bf2e99a9ae36ab2c35a25550d86e599e936172860cfa39dde33811d9c7ea%3A2%3A%7Bi%3A0%3Bs%3A13%3A%22_csrf-backend%22%3Bi%3A1%3Bs%3A32%3A%22fLfok-Ksh7-BGUecoyRpVm8Yi8G3mU0z%22%3B%7D'
    'PATH' => 'C:\\ProgramData\\Oracle\\Java\\javapath;C:\\Program Files (x86)\\Intel\\iCLS Client\\;C:\\Program Files\\Intel\\iCLS Client\\;C:\\WINDOWS\\system32;C:\\WINDOWS;C:\\WINDOWS\\System32\\Wbem;C:\\WINDOWS\\System32\\WindowsPowerShell\\v1.0\\;C:\\Program Files\\Intel\\Intel(R) Management Engine Components\\DAL;C:\\Program Files (x86)\\Intel\\Intel(R) Management Engine Components\\DAL;C:\\Program Files\\Intel\\Intel(R) Management Engine Components\\IPT;C:\\Program Files (x86)\\Intel\\Intel(R) Management Engine Components\\IPT;C:\\Program Files (x86)\\Skype\\Phone\\;C:\\Program Files (x86)\\Microsoft SQL Server\\100\\Tools\\Binn\\;C:\\Program Files\\Microsoft SQL Server\\100\\Tools\\Binn\\;C:\\Program Files\\Microsoft SQL Server\\100\\DTS\\Binn\\;D:\\xampp\\php;C:\\ProgramData\\ComposerSetup\\bin;C:\\Program Files\\Git\\cmd;C:\\Program Files (x86)\\Windows Live\\Shared;C:\\Users\\Administrator\\AppData\\Local\\Microsoft\\WindowsApps;C:\\Users\\Administrator\\AppData\\Roaming\\Composer\\vendor\\bin'
    'SystemRoot' => 'C:\\WINDOWS'
    'COMSPEC' => 'C:\\WINDOWS\\system32\\cmd.exe'
    'PATHEXT' => '.COM;.EXE;.BAT;.CMD;.VBS;.VBE;.JS;.JSE;.WSF;.WSH;.MSC'
    'WINDIR' => 'C:\\WINDOWS'
    'SERVER_SIGNATURE' => '<address>Apache/2.4.23 (Win32) OpenSSL/1.0.2h Server at localhost Port 80</address>
'
    'SERVER_SOFTWARE' => 'Apache/2.4.23 (Win32) OpenSSL/1.0.2h'
    'SERVER_NAME' => 'localhost'
    'SERVER_ADDR' => '::1'
    'SERVER_PORT' => '80'
    'REMOTE_ADDR' => '::1'
    'DOCUMENT_ROOT' => 'D:/xampp/htdocs'
    'REQUEST_SCHEME' => 'http'
    'CONTEXT_PREFIX' => ''
    'CONTEXT_DOCUMENT_ROOT' => 'D:/xampp/htdocs'
    'SERVER_ADMIN' => 'postmaster@localhost'
    'SCRIPT_FILENAME' => 'D:/xampp/htdocs/tnde/backend/web/index.php'
    'REMOTE_PORT' => '50819'
    'GATEWAY_INTERFACE' => 'CGI/1.1'
    'SERVER_PROTOCOL' => 'HTTP/1.1'
    'REQUEST_METHOD' => 'GET'
    'QUERY_STRING' => 'r=site%2Flogin'
    'REQUEST_URI' => '/tnde/backend/web/index.php?r=site%2Flogin'
    'SCRIPT_NAME' => '/tnde/backend/web/index.php'
    'PHP_SELF' => '/tnde/backend/web/index.php'
    'REQUEST_TIME_FLOAT' => 1485694633.85
    'REQUEST_TIME' => 1485694633
]
2017-01-29 13:57:15 [::1][-][jieib6585fvpd5orj5m0p7vhh3][error][yii\base\InvalidConfigException] exception 'yii\base\InvalidConfigException' with message 'The directory does not exist: D:/xampp/htdocs/tnde/backend/web/assets' in D:\xampp\htdocs\tnde\vendor\yiisoft\yii2\web\AssetManager.php:211
Stack trace:
#0 D:\xampp\htdocs\tnde\vendor\yiisoft\yii2\base\Object.php(107): yii\web\AssetManager->init()
#1 [internal function]: yii\base\Object->__construct(Array)
#2 D:\xampp\htdocs\tnde\vendor\yiisoft\yii2\di\Container.php(379): ReflectionClass->newInstanceArgs(Array)
#3 D:\xampp\htdocs\tnde\vendor\yiisoft\yii2\di\Container.php(154): yii\di\Container->build('yii\\web\\AssetMa...', Array, Array)
#4 D:\xampp\htdocs\tnde\vendor\yiisoft\yii2\BaseYii.php(344): yii\di\Container->get('yii\\web\\AssetMa...', Array, Array)
#5 D:\xampp\htdocs\tnde\vendor\yiisoft\yii2\di\ServiceLocator.php(133): yii\BaseYii::createObject(Array)
#6 D:\xampp\htdocs\tnde\vendor\yiisoft\yii2\base\Application.php(600): yii\di\ServiceLocator->get('assetManager')
#7 D:\xampp\htdocs\tnde\vendor\yiisoft\yii2\web\View.php(223): yii\base\Application->getAssetManager()
#8 D:\xampp\htdocs\tnde\vendor\yiisoft\yii2\web\View.php(283): yii\web\View->getAssetManager()
#9 D:\xampp\htdocs\tnde\vendor\yiisoft\yii2\web\AssetBundle.php(123): yii\web\View->registerAssetBundle('yii\\widgets\\Act...')
#10 D:\xampp\htdocs\tnde\vendor\yiisoft\yii2\widgets\ActiveForm.php(205): yii\web\AssetBundle::register(Object(yii\web\View))
#11 D:\xampp\htdocs\tnde\vendor\yiisoft\yii2\base\Widget.php(77): yii\widgets\ActiveForm->run()
#12 D:\xampp\htdocs\tnde\backend\views\site\login.php(59): yii\base\Widget::end()
#13 D:\xampp\htdocs\tnde\vendor\yiisoft\yii2\base\View.php(326): require('D:\\xampp\\htdocs...')
#14 D:\xampp\htdocs\tnde\vendor\yiisoft\yii2\base\View.php(248): yii\base\View->renderPhpFile('D:\\xampp\\htdocs...', Array)
#15 D:\xampp\htdocs\tnde\vendor\yiisoft\yii2\base\View.php(150): yii\base\View->renderFile('D:\\xampp\\htdocs...', Array, Object(backend\controllers\SiteController))
#16 D:\xampp\htdocs\tnde\vendor\yiisoft\yii2\base\Controller.php(378): yii\base\View->render('login', Array, Object(backend\controllers\SiteController))
#17 D:\xampp\htdocs\tnde\backend\controllers\SiteController.php(83): yii\base\Controller->render('login', Array)
#18 [internal function]: backend\controllers\SiteController->actionLogin()
#19 D:\xampp\htdocs\tnde\vendor\yiisoft\yii2\base\InlineAction.php(55): call_user_func_array(Array, Array)
#20 D:\xampp\htdocs\tnde\vendor\yiisoft\yii2\base\Controller.php(154): yii\base\InlineAction->runWithParams(Array)
#21 D:\xampp\htdocs\tnde\vendor\yiisoft\yii2\base\Module.php(454): yii\base\Controller->runAction('login', Array)
#22 D:\xampp\htdocs\tnde\vendor\yiisoft\yii2\web\Application.php(100): yii\base\Module->runAction('site/login', Array)
#23 D:\xampp\htdocs\tnde\vendor\yiisoft\yii2\base\Application.php(375): yii\web\Application->handleRequest(Object(yii\web\Request))
#24 D:\xampp\htdocs\tnde\backend\web\index.php(17): yii\base\Application->run()
#25 {main}
2017-01-29 13:57:15 [::1][-][jieib6585fvpd5orj5m0p7vhh3][info][application] $_GET = [
    'r' => 'site/login'
]

$_COOKIE = [
    '_identity' => '2e47093533102607c6c35e02da8ea7c244dfaf134aabf2287b4bb0f0ceb32b7ea:2:{i:0;s:9:\"_identity\";i:1;s:46:\"[1,\"OhM2qyAgJjPR2W47nFbL1saItW08AlA3\",2592000]\";}'
    '_identity-backend' => 'fc414f0e5b31e73aed39a0ba28bb2a307166fec087283b619666b84b13384baba:2:{i:0;s:17:\"_identity-backend\";i:1;s:46:\"[1,\"OhM2qyAgJjPR2W47nFbL1saItW08AlA3\",2592000]\";}'
    'advanced-backend' => 'jieib6585fvpd5orj5m0p7vhh3'
    '_csrf-backend' => '177e2bf2e99a9ae36ab2c35a25550d86e599e936172860cfa39dde33811d9c7ea:2:{i:0;s:13:\"_csrf-backend\";i:1;s:32:\"fLfok-Ksh7-BGUecoyRpVm8Yi8G3mU0z\";}'
]

$_SESSION = [
    '__flash' => []
    '__returnUrl' => '/tnde/backend/web/'
]

$_SERVER = [
    'MIBDIRS' => 'D:/xampp/php/extras/mibs'
    'MYSQL_HOME' => '\\xampp\\mysql\\bin'
    'OPENSSL_CONF' => 'D:/xampp/apache/bin/openssl.cnf'
    'PHP_PEAR_SYSCONF_DIR' => '\\xampp\\php'
    'PHPRC' => '\\xampp\\php'
    'TMP' => '\\xampp\\tmp'
    'HTTP_HOST' => 'localhost'
    'HTTP_CONNECTION' => 'keep-alive'
    'HTTP_CACHE_CONTROL' => 'max-age=0'
    'HTTP_UPGRADE_INSECURE_REQUESTS' => '1'
    'HTTP_USER_AGENT' => 'Mozilla/5.0 (Windows NT 10.0; Win64; x64) AppleWebKit/537.36 (KHTML, like Gecko) Chrome/55.0.2883.87 Safari/537.36'
    'HTTP_ACCEPT' => 'text/html,application/xhtml+xml,application/xml;q=0.9,image/webp,*/*;q=0.8'
    'HTTP_REFERER' => 'http://localhost/tnde/backend/'
    'HTTP_ACCEPT_ENCODING' => 'gzip, deflate, sdch, br'
    'HTTP_ACCEPT_LANGUAGE' => 'en-US,en;q=0.8'
    'HTTP_COOKIE' => '_identity=2e47093533102607c6c35e02da8ea7c244dfaf134aabf2287b4bb0f0ceb32b7ea%3A2%3A%7Bi%3A0%3Bs%3A9%3A%22_identity%22%3Bi%3A1%3Bs%3A46%3A%22%5B1%2C%22OhM2qyAgJjPR2W47nFbL1saItW08AlA3%22%2C2592000%5D%22%3B%7D; _identity-backend=fc414f0e5b31e73aed39a0ba28bb2a307166fec087283b619666b84b13384baba%3A2%3A%7Bi%3A0%3Bs%3A17%3A%22_identity-backend%22%3Bi%3A1%3Bs%3A46%3A%22%5B1%2C%22OhM2qyAgJjPR2W47nFbL1saItW08AlA3%22%2C2592000%5D%22%3B%7D; advanced-backend=jieib6585fvpd5orj5m0p7vhh3; _csrf-backend=177e2bf2e99a9ae36ab2c35a25550d86e599e936172860cfa39dde33811d9c7ea%3A2%3A%7Bi%3A0%3Bs%3A13%3A%22_csrf-backend%22%3Bi%3A1%3Bs%3A32%3A%22fLfok-Ksh7-BGUecoyRpVm8Yi8G3mU0z%22%3B%7D'
    'PATH' => 'C:\\ProgramData\\Oracle\\Java\\javapath;C:\\Program Files (x86)\\Intel\\iCLS Client\\;C:\\Program Files\\Intel\\iCLS Client\\;C:\\WINDOWS\\system32;C:\\WINDOWS;C:\\WINDOWS\\System32\\Wbem;C:\\WINDOWS\\System32\\WindowsPowerShell\\v1.0\\;C:\\Program Files\\Intel\\Intel(R) Management Engine Components\\DAL;C:\\Program Files (x86)\\Intel\\Intel(R) Management Engine Components\\DAL;C:\\Program Files\\Intel\\Intel(R) Management Engine Components\\IPT;C:\\Program Files (x86)\\Intel\\Intel(R) Management Engine Components\\IPT;C:\\Program Files (x86)\\Skype\\Phone\\;C:\\Program Files (x86)\\Microsoft SQL Server\\100\\Tools\\Binn\\;C:\\Program Files\\Microsoft SQL Server\\100\\Tools\\Binn\\;C:\\Program Files\\Microsoft SQL Server\\100\\DTS\\Binn\\;D:\\xampp\\php;C:\\ProgramData\\ComposerSetup\\bin;C:\\Program Files\\Git\\cmd;C:\\Program Files (x86)\\Windows Live\\Shared;C:\\Users\\Administrator\\AppData\\Local\\Microsoft\\WindowsApps;C:\\Users\\Administrator\\AppData\\Roaming\\Composer\\vendor\\bin'
    'SystemRoot' => 'C:\\WINDOWS'
    'COMSPEC' => 'C:\\WINDOWS\\system32\\cmd.exe'
    'PATHEXT' => '.COM;.EXE;.BAT;.CMD;.VBS;.VBE;.JS;.JSE;.WSF;.WSH;.MSC'
    'WINDIR' => 'C:\\WINDOWS'
    'SERVER_SIGNATURE' => '<address>Apache/2.4.23 (Win32) OpenSSL/1.0.2h Server at localhost Port 80</address>
'
    'SERVER_SOFTWARE' => 'Apache/2.4.23 (Win32) OpenSSL/1.0.2h'
    'SERVER_NAME' => 'localhost'
    'SERVER_ADDR' => '::1'
    'SERVER_PORT' => '80'
    'REMOTE_ADDR' => '::1'
    'DOCUMENT_ROOT' => 'D:/xampp/htdocs'
    'REQUEST_SCHEME' => 'http'
    'CONTEXT_PREFIX' => ''
    'CONTEXT_DOCUMENT_ROOT' => 'D:/xampp/htdocs'
    'SERVER_ADMIN' => 'postmaster@localhost'
    'SCRIPT_FILENAME' => 'D:/xampp/htdocs/tnde/backend/web/index.php'
    'REMOTE_PORT' => '50820'
    'GATEWAY_INTERFACE' => 'CGI/1.1'
    'SERVER_PROTOCOL' => 'HTTP/1.1'
    'REQUEST_METHOD' => 'GET'
    'QUERY_STRING' => 'r=site%2Flogin'
    'REQUEST_URI' => '/tnde/backend/web/index.php?r=site%2Flogin'
    'SCRIPT_NAME' => '/tnde/backend/web/index.php'
    'PHP_SELF' => '/tnde/backend/web/index.php'
    'REQUEST_TIME_FLOAT' => 1485694635.703
    'REQUEST_TIME' => 1485694635
]
2017-01-29 13:57:15 [::1][-][jieib6585fvpd5orj5m0p7vhh3][warning][yii\log\Dispatcher::dispatch] Unable to send log via yii\debug\LogTarget: Exception (Invalid Configuration) 'yii\base\InvalidConfigException' with message 'The directory does not exist: D:/xampp/htdocs/tnde/backend/web/assets' 

in D:\xampp\htdocs\tnde\vendor\yiisoft\yii2\web\AssetManager.php:211

Stack trace:
#0 D:\xampp\htdocs\tnde\vendor\yiisoft\yii2\base\Object.php(107): yii\web\AssetManager->init()
#1 [internal function]: yii\base\Object->__construct(Array)
#2 D:\xampp\htdocs\tnde\vendor\yiisoft\yii2\di\Container.php(379): ReflectionClass->newInstanceArgs(Array)
#3 D:\xampp\htdocs\tnde\vendor\yiisoft\yii2\di\Container.php(154): yii\di\Container->build('yii\\web\\AssetMa...', Array, Array)
#4 D:\xampp\htdocs\tnde\vendor\yiisoft\yii2\BaseYii.php(344): yii\di\Container->get('yii\\web\\AssetMa...', Array, Array)
#5 D:\xampp\htdocs\tnde\vendor\yiisoft\yii2\di\ServiceLocator.php(133): yii\BaseYii::createObject(Array)
#6 D:\xampp\htdocs\tnde\vendor\yiisoft\yii2\base\Application.php(600): yii\di\ServiceLocator->get('assetManager')
#7 D:\xampp\htdocs\tnde\vendor\yiisoft\yii2\web\View.php(223): yii\base\Application->getAssetManager()
#8 D:\xampp\htdocs\tnde\vendor\yiisoft\yii2\base\Component.php(130): yii\web\View->getAssetManager()
#9 D:\xampp\htdocs\tnde\vendor\yiisoft\yii2-debug\panels\AssetPanel.php(53): yii\base\Component->__get('assetManager')
#10 D:\xampp\htdocs\tnde\vendor\yiisoft\yii2-debug\LogTarget.php(54): yii\debug\panels\AssetPanel->save()
#11 D:\xampp\htdocs\tnde\vendor\yiisoft\yii2-debug\LogTarget.php(118): yii\debug\LogTarget->export()
#12 D:\xampp\htdocs\tnde\vendor\yiisoft\yii2\log\Dispatcher.php(188): yii\debug\LogTarget->collect(Array, true)
#13 D:\xampp\htdocs\tnde\vendor\yiisoft\yii2\log\Logger.php(173): yii\log\Dispatcher->dispatch(Array, true)
#14 D:\xampp\htdocs\tnde\vendor\yiisoft\yii2\base\ErrorHandler.php(111): yii\log\Logger->flush(true)
#15 [internal function]: yii\base\ErrorHandler->handleException(Object(yii\base\InvalidConfigException))
#16 {main}
2017-01-29 13:57:15 [::1][-][jieib6585fvpd5orj5m0p7vhh3][info][application] $_GET = [
    'r' => 'site/login'
]

$_COOKIE = [
    '_identity' => '2e47093533102607c6c35e02da8ea7c244dfaf134aabf2287b4bb0f0ceb32b7ea:2:{i:0;s:9:\"_identity\";i:1;s:46:\"[1,\"OhM2qyAgJjPR2W47nFbL1saItW08AlA3\",2592000]\";}'
    '_identity-backend' => 'fc414f0e5b31e73aed39a0ba28bb2a307166fec087283b619666b84b13384baba:2:{i:0;s:17:\"_identity-backend\";i:1;s:46:\"[1,\"OhM2qyAgJjPR2W47nFbL1saItW08AlA3\",2592000]\";}'
    'advanced-backend' => 'jieib6585fvpd5orj5m0p7vhh3'
    '_csrf-backend' => '177e2bf2e99a9ae36ab2c35a25550d86e599e936172860cfa39dde33811d9c7ea:2:{i:0;s:13:\"_csrf-backend\";i:1;s:32:\"fLfok-Ksh7-BGUecoyRpVm8Yi8G3mU0z\";}'
]

$_SESSION = [
    '__flash' => []
    '__returnUrl' => '/tnde/backend/web/'
]

$_SERVER = [
    'MIBDIRS' => 'D:/xampp/php/extras/mibs'
    'MYSQL_HOME' => '\\xampp\\mysql\\bin'
    'OPENSSL_CONF' => 'D:/xampp/apache/bin/openssl.cnf'
    'PHP_PEAR_SYSCONF_DIR' => '\\xampp\\php'
    'PHPRC' => '\\xampp\\php'
    'TMP' => '\\xampp\\tmp'
    'HTTP_HOST' => 'localhost'
    'HTTP_CONNECTION' => 'keep-alive'
    'HTTP_CACHE_CONTROL' => 'max-age=0'
    'HTTP_UPGRADE_INSECURE_REQUESTS' => '1'
    'HTTP_USER_AGENT' => 'Mozilla/5.0 (Windows NT 10.0; Win64; x64) AppleWebKit/537.36 (KHTML, like Gecko) Chrome/55.0.2883.87 Safari/537.36'
    'HTTP_ACCEPT' => 'text/html,application/xhtml+xml,application/xml;q=0.9,image/webp,*/*;q=0.8'
    'HTTP_REFERER' => 'http://localhost/tnde/backend/'
    'HTTP_ACCEPT_ENCODING' => 'gzip, deflate, sdch, br'
    'HTTP_ACCEPT_LANGUAGE' => 'en-US,en;q=0.8'
    'HTTP_COOKIE' => '_identity=2e47093533102607c6c35e02da8ea7c244dfaf134aabf2287b4bb0f0ceb32b7ea%3A2%3A%7Bi%3A0%3Bs%3A9%3A%22_identity%22%3Bi%3A1%3Bs%3A46%3A%22%5B1%2C%22OhM2qyAgJjPR2W47nFbL1saItW08AlA3%22%2C2592000%5D%22%3B%7D; _identity-backend=fc414f0e5b31e73aed39a0ba28bb2a307166fec087283b619666b84b13384baba%3A2%3A%7Bi%3A0%3Bs%3A17%3A%22_identity-backend%22%3Bi%3A1%3Bs%3A46%3A%22%5B1%2C%22OhM2qyAgJjPR2W47nFbL1saItW08AlA3%22%2C2592000%5D%22%3B%7D; advanced-backend=jieib6585fvpd5orj5m0p7vhh3; _csrf-backend=177e2bf2e99a9ae36ab2c35a25550d86e599e936172860cfa39dde33811d9c7ea%3A2%3A%7Bi%3A0%3Bs%3A13%3A%22_csrf-backend%22%3Bi%3A1%3Bs%3A32%3A%22fLfok-Ksh7-BGUecoyRpVm8Yi8G3mU0z%22%3B%7D'
    'PATH' => 'C:\\ProgramData\\Oracle\\Java\\javapath;C:\\Program Files (x86)\\Intel\\iCLS Client\\;C:\\Program Files\\Intel\\iCLS Client\\;C:\\WINDOWS\\system32;C:\\WINDOWS;C:\\WINDOWS\\System32\\Wbem;C:\\WINDOWS\\System32\\WindowsPowerShell\\v1.0\\;C:\\Program Files\\Intel\\Intel(R) Management Engine Components\\DAL;C:\\Program Files (x86)\\Intel\\Intel(R) Management Engine Components\\DAL;C:\\Program Files\\Intel\\Intel(R) Management Engine Components\\IPT;C:\\Program Files (x86)\\Intel\\Intel(R) Management Engine Components\\IPT;C:\\Program Files (x86)\\Skype\\Phone\\;C:\\Program Files (x86)\\Microsoft SQL Server\\100\\Tools\\Binn\\;C:\\Program Files\\Microsoft SQL Server\\100\\Tools\\Binn\\;C:\\Program Files\\Microsoft SQL Server\\100\\DTS\\Binn\\;D:\\xampp\\php;C:\\ProgramData\\ComposerSetup\\bin;C:\\Program Files\\Git\\cmd;C:\\Program Files (x86)\\Windows Live\\Shared;C:\\Users\\Administrator\\AppData\\Local\\Microsoft\\WindowsApps;C:\\Users\\Administrator\\AppData\\Roaming\\Composer\\vendor\\bin'
    'SystemRoot' => 'C:\\WINDOWS'
    'COMSPEC' => 'C:\\WINDOWS\\system32\\cmd.exe'
    'PATHEXT' => '.COM;.EXE;.BAT;.CMD;.VBS;.VBE;.JS;.JSE;.WSF;.WSH;.MSC'
    'WINDIR' => 'C:\\WINDOWS'
    'SERVER_SIGNATURE' => '<address>Apache/2.4.23 (Win32) OpenSSL/1.0.2h Server at localhost Port 80</address>
'
    'SERVER_SOFTWARE' => 'Apache/2.4.23 (Win32) OpenSSL/1.0.2h'
    'SERVER_NAME' => 'localhost'
    'SERVER_ADDR' => '::1'
    'SERVER_PORT' => '80'
    'REMOTE_ADDR' => '::1'
    'DOCUMENT_ROOT' => 'D:/xampp/htdocs'
    'REQUEST_SCHEME' => 'http'
    'CONTEXT_PREFIX' => ''
    'CONTEXT_DOCUMENT_ROOT' => 'D:/xampp/htdocs'
    'SERVER_ADMIN' => 'postmaster@localhost'
    'SCRIPT_FILENAME' => 'D:/xampp/htdocs/tnde/backend/web/index.php'
    'REMOTE_PORT' => '50820'
    'GATEWAY_INTERFACE' => 'CGI/1.1'
    'SERVER_PROTOCOL' => 'HTTP/1.1'
    'REQUEST_METHOD' => 'GET'
    'QUERY_STRING' => 'r=site%2Flogin'
    'REQUEST_URI' => '/tnde/backend/web/index.php?r=site%2Flogin'
    'SCRIPT_NAME' => '/tnde/backend/web/index.php'
    'PHP_SELF' => '/tnde/backend/web/index.php'
    'REQUEST_TIME_FLOAT' => 1485694635.703
    'REQUEST_TIME' => 1485694635
]
2017-01-29 13:57:16 [::1][-][jieib6585fvpd5orj5m0p7vhh3][error][yii\base\InvalidConfigException] exception 'yii\base\InvalidConfigException' with message 'The directory does not exist: D:/xampp/htdocs/tnde/backend/web/assets' in D:\xampp\htdocs\tnde\vendor\yiisoft\yii2\web\AssetManager.php:211
Stack trace:
#0 D:\xampp\htdocs\tnde\vendor\yiisoft\yii2\base\Object.php(107): yii\web\AssetManager->init()
#1 [internal function]: yii\base\Object->__construct(Array)
#2 D:\xampp\htdocs\tnde\vendor\yiisoft\yii2\di\Container.php(379): ReflectionClass->newInstanceArgs(Array)
#3 D:\xampp\htdocs\tnde\vendor\yiisoft\yii2\di\Container.php(154): yii\di\Container->build('yii\\web\\AssetMa...', Array, Array)
#4 D:\xampp\htdocs\tnde\vendor\yiisoft\yii2\BaseYii.php(344): yii\di\Container->get('yii\\web\\AssetMa...', Array, Array)
#5 D:\xampp\htdocs\tnde\vendor\yiisoft\yii2\di\ServiceLocator.php(133): yii\BaseYii::createObject(Array)
#6 D:\xampp\htdocs\tnde\vendor\yiisoft\yii2\base\Application.php(600): yii\di\ServiceLocator->get('assetManager')
#7 D:\xampp\htdocs\tnde\vendor\yiisoft\yii2\web\View.php(223): yii\base\Application->getAssetManager()
#8 D:\xampp\htdocs\tnde\vendor\yiisoft\yii2\web\View.php(283): yii\web\View->getAssetManager()
#9 D:\xampp\htdocs\tnde\vendor\yiisoft\yii2\web\AssetBundle.php(123): yii\web\View->registerAssetBundle('yii\\widgets\\Act...')
#10 D:\xampp\htdocs\tnde\vendor\yiisoft\yii2\widgets\ActiveForm.php(205): yii\web\AssetBundle::register(Object(yii\web\View))
#11 D:\xampp\htdocs\tnde\vendor\yiisoft\yii2\base\Widget.php(77): yii\widgets\ActiveForm->run()
#12 D:\xampp\htdocs\tnde\backend\views\site\login.php(59): yii\base\Widget::end()
#13 D:\xampp\htdocs\tnde\vendor\yiisoft\yii2\base\View.php(326): require('D:\\xampp\\htdocs...')
#14 D:\xampp\htdocs\tnde\vendor\yiisoft\yii2\base\View.php(248): yii\base\View->renderPhpFile('D:\\xampp\\htdocs...', Array)
#15 D:\xampp\htdocs\tnde\vendor\yiisoft\yii2\base\View.php(150): yii\base\View->renderFile('D:\\xampp\\htdocs...', Array, Object(backend\controllers\SiteController))
#16 D:\xampp\htdocs\tnde\vendor\yiisoft\yii2\base\Controller.php(378): yii\base\View->render('login', Array, Object(backend\controllers\SiteController))
#17 D:\xampp\htdocs\tnde\backend\controllers\SiteController.php(83): yii\base\Controller->render('login', Array)
#18 [internal function]: backend\controllers\SiteController->actionLogin()
#19 D:\xampp\htdocs\tnde\vendor\yiisoft\yii2\base\InlineAction.php(55): call_user_func_array(Array, Array)
#20 D:\xampp\htdocs\tnde\vendor\yiisoft\yii2\base\Controller.php(154): yii\base\InlineAction->runWithParams(Array)
#21 D:\xampp\htdocs\tnde\vendor\yiisoft\yii2\base\Module.php(454): yii\base\Controller->runAction('login', Array)
#22 D:\xampp\htdocs\tnde\vendor\yiisoft\yii2\web\Application.php(100): yii\base\Module->runAction('site/login', Array)
#23 D:\xampp\htdocs\tnde\vendor\yiisoft\yii2\base\Application.php(375): yii\web\Application->handleRequest(Object(yii\web\Request))
#24 D:\xampp\htdocs\tnde\backend\web\index.php(17): yii\base\Application->run()
#25 {main}
2017-01-29 13:57:16 [::1][-][jieib6585fvpd5orj5m0p7vhh3][info][application] $_GET = [
    'r' => 'site/login'
]

$_COOKIE = [
    '_identity' => '2e47093533102607c6c35e02da8ea7c244dfaf134aabf2287b4bb0f0ceb32b7ea:2:{i:0;s:9:\"_identity\";i:1;s:46:\"[1,\"OhM2qyAgJjPR2W47nFbL1saItW08AlA3\",2592000]\";}'
    '_identity-backend' => 'fc414f0e5b31e73aed39a0ba28bb2a307166fec087283b619666b84b13384baba:2:{i:0;s:17:\"_identity-backend\";i:1;s:46:\"[1,\"OhM2qyAgJjPR2W47nFbL1saItW08AlA3\",2592000]\";}'
    'advanced-backend' => 'jieib6585fvpd5orj5m0p7vhh3'
    '_csrf-backend' => '177e2bf2e99a9ae36ab2c35a25550d86e599e936172860cfa39dde33811d9c7ea:2:{i:0;s:13:\"_csrf-backend\";i:1;s:32:\"fLfok-Ksh7-BGUecoyRpVm8Yi8G3mU0z\";}'
]

$_SESSION = [
    '__flash' => []
    '__returnUrl' => '/tnde/backend/web/'
]

$_SERVER = [
    'MIBDIRS' => 'D:/xampp/php/extras/mibs'
    'MYSQL_HOME' => '\\xampp\\mysql\\bin'
    'OPENSSL_CONF' => 'D:/xampp/apache/bin/openssl.cnf'
    'PHP_PEAR_SYSCONF_DIR' => '\\xampp\\php'
    'PHPRC' => '\\xampp\\php'
    'TMP' => '\\xampp\\tmp'
    'HTTP_HOST' => 'localhost'
    'HTTP_CONNECTION' => 'keep-alive'
    'HTTP_CACHE_CONTROL' => 'max-age=0'
    'HTTP_UPGRADE_INSECURE_REQUESTS' => '1'
    'HTTP_USER_AGENT' => 'Mozilla/5.0 (Windows NT 10.0; Win64; x64) AppleWebKit/537.36 (KHTML, like Gecko) Chrome/55.0.2883.87 Safari/537.36'
    'HTTP_ACCEPT' => 'text/html,application/xhtml+xml,application/xml;q=0.9,image/webp,*/*;q=0.8'
    'HTTP_REFERER' => 'http://localhost/tnde/backend/'
    'HTTP_ACCEPT_ENCODING' => 'gzip, deflate, sdch, br'
    'HTTP_ACCEPT_LANGUAGE' => 'en-US,en;q=0.8'
    'HTTP_COOKIE' => '_identity=2e47093533102607c6c35e02da8ea7c244dfaf134aabf2287b4bb0f0ceb32b7ea%3A2%3A%7Bi%3A0%3Bs%3A9%3A%22_identity%22%3Bi%3A1%3Bs%3A46%3A%22%5B1%2C%22OhM2qyAgJjPR2W47nFbL1saItW08AlA3%22%2C2592000%5D%22%3B%7D; _identity-backend=fc414f0e5b31e73aed39a0ba28bb2a307166fec087283b619666b84b13384baba%3A2%3A%7Bi%3A0%3Bs%3A17%3A%22_identity-backend%22%3Bi%3A1%3Bs%3A46%3A%22%5B1%2C%22OhM2qyAgJjPR2W47nFbL1saItW08AlA3%22%2C2592000%5D%22%3B%7D; advanced-backend=jieib6585fvpd5orj5m0p7vhh3; _csrf-backend=177e2bf2e99a9ae36ab2c35a25550d86e599e936172860cfa39dde33811d9c7ea%3A2%3A%7Bi%3A0%3Bs%3A13%3A%22_csrf-backend%22%3Bi%3A1%3Bs%3A32%3A%22fLfok-Ksh7-BGUecoyRpVm8Yi8G3mU0z%22%3B%7D'
    'PATH' => 'C:\\ProgramData\\Oracle\\Java\\javapath;C:\\Program Files (x86)\\Intel\\iCLS Client\\;C:\\Program Files\\Intel\\iCLS Client\\;C:\\WINDOWS\\system32;C:\\WINDOWS;C:\\WINDOWS\\System32\\Wbem;C:\\WINDOWS\\System32\\WindowsPowerShell\\v1.0\\;C:\\Program Files\\Intel\\Intel(R) Management Engine Components\\DAL;C:\\Program Files (x86)\\Intel\\Intel(R) Management Engine Components\\DAL;C:\\Program Files\\Intel\\Intel(R) Management Engine Components\\IPT;C:\\Program Files (x86)\\Intel\\Intel(R) Management Engine Components\\IPT;C:\\Program Files (x86)\\Skype\\Phone\\;C:\\Program Files (x86)\\Microsoft SQL Server\\100\\Tools\\Binn\\;C:\\Program Files\\Microsoft SQL Server\\100\\Tools\\Binn\\;C:\\Program Files\\Microsoft SQL Server\\100\\DTS\\Binn\\;D:\\xampp\\php;C:\\ProgramData\\ComposerSetup\\bin;C:\\Program Files\\Git\\cmd;C:\\Program Files (x86)\\Windows Live\\Shared;C:\\Users\\Administrator\\AppData\\Local\\Microsoft\\WindowsApps;C:\\Users\\Administrator\\AppData\\Roaming\\Composer\\vendor\\bin'
    'SystemRoot' => 'C:\\WINDOWS'
    'COMSPEC' => 'C:\\WINDOWS\\system32\\cmd.exe'
    'PATHEXT' => '.COM;.EXE;.BAT;.CMD;.VBS;.VBE;.JS;.JSE;.WSF;.WSH;.MSC'
    'WINDIR' => 'C:\\WINDOWS'
    'SERVER_SIGNATURE' => '<address>Apache/2.4.23 (Win32) OpenSSL/1.0.2h Server at localhost Port 80</address>
'
    'SERVER_SOFTWARE' => 'Apache/2.4.23 (Win32) OpenSSL/1.0.2h'
    'SERVER_NAME' => 'localhost'
    'SERVER_ADDR' => '::1'
    'SERVER_PORT' => '80'
    'REMOTE_ADDR' => '::1'
    'DOCUMENT_ROOT' => 'D:/xampp/htdocs'
    'REQUEST_SCHEME' => 'http'
    'CONTEXT_PREFIX' => ''
    'CONTEXT_DOCUMENT_ROOT' => 'D:/xampp/htdocs'
    'SERVER_ADMIN' => 'postmaster@localhost'
    'SCRIPT_FILENAME' => 'D:/xampp/htdocs/tnde/backend/web/index.php'
    'REMOTE_PORT' => '50823'
    'GATEWAY_INTERFACE' => 'CGI/1.1'
    'SERVER_PROTOCOL' => 'HTTP/1.1'
    'REQUEST_METHOD' => 'GET'
    'QUERY_STRING' => 'r=site%2Flogin'
    'REQUEST_URI' => '/tnde/backend/web/index.php?r=site%2Flogin'
    'SCRIPT_NAME' => '/tnde/backend/web/index.php'
    'PHP_SELF' => '/tnde/backend/web/index.php'
    'REQUEST_TIME_FLOAT' => 1485694636.567
    'REQUEST_TIME' => 1485694636
]
2017-01-29 13:57:16 [::1][-][jieib6585fvpd5orj5m0p7vhh3][warning][yii\log\Dispatcher::dispatch] Unable to send log via yii\debug\LogTarget: Exception (Invalid Configuration) 'yii\base\InvalidConfigException' with message 'The directory does not exist: D:/xampp/htdocs/tnde/backend/web/assets' 

in D:\xampp\htdocs\tnde\vendor\yiisoft\yii2\web\AssetManager.php:211

Stack trace:
#0 D:\xampp\htdocs\tnde\vendor\yiisoft\yii2\base\Object.php(107): yii\web\AssetManager->init()
#1 [internal function]: yii\base\Object->__construct(Array)
#2 D:\xampp\htdocs\tnde\vendor\yiisoft\yii2\di\Container.php(379): ReflectionClass->newInstanceArgs(Array)
#3 D:\xampp\htdocs\tnde\vendor\yiisoft\yii2\di\Container.php(154): yii\di\Container->build('yii\\web\\AssetMa...', Array, Array)
#4 D:\xampp\htdocs\tnde\vendor\yiisoft\yii2\BaseYii.php(344): yii\di\Container->get('yii\\web\\AssetMa...', Array, Array)
#5 D:\xampp\htdocs\tnde\vendor\yiisoft\yii2\di\ServiceLocator.php(133): yii\BaseYii::createObject(Array)
#6 D:\xampp\htdocs\tnde\vendor\yiisoft\yii2\base\Application.php(600): yii\di\ServiceLocator->get('assetManager')
#7 D:\xampp\htdocs\tnde\vendor\yiisoft\yii2\web\View.php(223): yii\base\Application->getAssetManager()
#8 D:\xampp\htdocs\tnde\vendor\yiisoft\yii2\base\Component.php(130): yii\web\View->getAssetManager()
#9 D:\xampp\htdocs\tnde\vendor\yiisoft\yii2-debug\panels\AssetPanel.php(53): yii\base\Component->__get('assetManager')
#10 D:\xampp\htdocs\tnde\vendor\yiisoft\yii2-debug\LogTarget.php(54): yii\debug\panels\AssetPanel->save()
#11 D:\xampp\htdocs\tnde\vendor\yiisoft\yii2-debug\LogTarget.php(118): yii\debug\LogTarget->export()
#12 D:\xampp\htdocs\tnde\vendor\yiisoft\yii2\log\Dispatcher.php(188): yii\debug\LogTarget->collect(Array, true)
#13 D:\xampp\htdocs\tnde\vendor\yiisoft\yii2\log\Logger.php(173): yii\log\Dispatcher->dispatch(Array, true)
#14 D:\xampp\htdocs\tnde\vendor\yiisoft\yii2\base\ErrorHandler.php(111): yii\log\Logger->flush(true)
#15 [internal function]: yii\base\ErrorHandler->handleException(Object(yii\base\InvalidConfigException))
#16 {main}
2017-01-29 13:57:16 [::1][-][jieib6585fvpd5orj5m0p7vhh3][info][application] $_GET = [
    'r' => 'site/login'
]

$_COOKIE = [
    '_identity' => '2e47093533102607c6c35e02da8ea7c244dfaf134aabf2287b4bb0f0ceb32b7ea:2:{i:0;s:9:\"_identity\";i:1;s:46:\"[1,\"OhM2qyAgJjPR2W47nFbL1saItW08AlA3\",2592000]\";}'
    '_identity-backend' => 'fc414f0e5b31e73aed39a0ba28bb2a307166fec087283b619666b84b13384baba:2:{i:0;s:17:\"_identity-backend\";i:1;s:46:\"[1,\"OhM2qyAgJjPR2W47nFbL1saItW08AlA3\",2592000]\";}'
    'advanced-backend' => 'jieib6585fvpd5orj5m0p7vhh3'
    '_csrf-backend' => '177e2bf2e99a9ae36ab2c35a25550d86e599e936172860cfa39dde33811d9c7ea:2:{i:0;s:13:\"_csrf-backend\";i:1;s:32:\"fLfok-Ksh7-BGUecoyRpVm8Yi8G3mU0z\";}'
]

$_SESSION = [
    '__flash' => []
    '__returnUrl' => '/tnde/backend/web/'
]

$_SERVER = [
    'MIBDIRS' => 'D:/xampp/php/extras/mibs'
    'MYSQL_HOME' => '\\xampp\\mysql\\bin'
    'OPENSSL_CONF' => 'D:/xampp/apache/bin/openssl.cnf'
    'PHP_PEAR_SYSCONF_DIR' => '\\xampp\\php'
    'PHPRC' => '\\xampp\\php'
    'TMP' => '\\xampp\\tmp'
    'HTTP_HOST' => 'localhost'
    'HTTP_CONNECTION' => 'keep-alive'
    'HTTP_CACHE_CONTROL' => 'max-age=0'
    'HTTP_UPGRADE_INSECURE_REQUESTS' => '1'
    'HTTP_USER_AGENT' => 'Mozilla/5.0 (Windows NT 10.0; Win64; x64) AppleWebKit/537.36 (KHTML, like Gecko) Chrome/55.0.2883.87 Safari/537.36'
    'HTTP_ACCEPT' => 'text/html,application/xhtml+xml,application/xml;q=0.9,image/webp,*/*;q=0.8'
    'HTTP_REFERER' => 'http://localhost/tnde/backend/'
    'HTTP_ACCEPT_ENCODING' => 'gzip, deflate, sdch, br'
    'HTTP_ACCEPT_LANGUAGE' => 'en-US,en;q=0.8'
    'HTTP_COOKIE' => '_identity=2e47093533102607c6c35e02da8ea7c244dfaf134aabf2287b4bb0f0ceb32b7ea%3A2%3A%7Bi%3A0%3Bs%3A9%3A%22_identity%22%3Bi%3A1%3Bs%3A46%3A%22%5B1%2C%22OhM2qyAgJjPR2W47nFbL1saItW08AlA3%22%2C2592000%5D%22%3B%7D; _identity-backend=fc414f0e5b31e73aed39a0ba28bb2a307166fec087283b619666b84b13384baba%3A2%3A%7Bi%3A0%3Bs%3A17%3A%22_identity-backend%22%3Bi%3A1%3Bs%3A46%3A%22%5B1%2C%22OhM2qyAgJjPR2W47nFbL1saItW08AlA3%22%2C2592000%5D%22%3B%7D; advanced-backend=jieib6585fvpd5orj5m0p7vhh3; _csrf-backend=177e2bf2e99a9ae36ab2c35a25550d86e599e936172860cfa39dde33811d9c7ea%3A2%3A%7Bi%3A0%3Bs%3A13%3A%22_csrf-backend%22%3Bi%3A1%3Bs%3A32%3A%22fLfok-Ksh7-BGUecoyRpVm8Yi8G3mU0z%22%3B%7D'
    'PATH' => 'C:\\ProgramData\\Oracle\\Java\\javapath;C:\\Program Files (x86)\\Intel\\iCLS Client\\;C:\\Program Files\\Intel\\iCLS Client\\;C:\\WINDOWS\\system32;C:\\WINDOWS;C:\\WINDOWS\\System32\\Wbem;C:\\WINDOWS\\System32\\WindowsPowerShell\\v1.0\\;C:\\Program Files\\Intel\\Intel(R) Management Engine Components\\DAL;C:\\Program Files (x86)\\Intel\\Intel(R) Management Engine Components\\DAL;C:\\Program Files\\Intel\\Intel(R) Management Engine Components\\IPT;C:\\Program Files (x86)\\Intel\\Intel(R) Management Engine Components\\IPT;C:\\Program Files (x86)\\Skype\\Phone\\;C:\\Program Files (x86)\\Microsoft SQL Server\\100\\Tools\\Binn\\;C:\\Program Files\\Microsoft SQL Server\\100\\Tools\\Binn\\;C:\\Program Files\\Microsoft SQL Server\\100\\DTS\\Binn\\;D:\\xampp\\php;C:\\ProgramData\\ComposerSetup\\bin;C:\\Program Files\\Git\\cmd;C:\\Program Files (x86)\\Windows Live\\Shared;C:\\Users\\Administrator\\AppData\\Local\\Microsoft\\WindowsApps;C:\\Users\\Administrator\\AppData\\Roaming\\Composer\\vendor\\bin'
    'SystemRoot' => 'C:\\WINDOWS'
    'COMSPEC' => 'C:\\WINDOWS\\system32\\cmd.exe'
    'PATHEXT' => '.COM;.EXE;.BAT;.CMD;.VBS;.VBE;.JS;.JSE;.WSF;.WSH;.MSC'
    'WINDIR' => 'C:\\WINDOWS'
    'SERVER_SIGNATURE' => '<address>Apache/2.4.23 (Win32) OpenSSL/1.0.2h Server at localhost Port 80</address>
'
    'SERVER_SOFTWARE' => 'Apache/2.4.23 (Win32) OpenSSL/1.0.2h'
    'SERVER_NAME' => 'localhost'
    'SERVER_ADDR' => '::1'
    'SERVER_PORT' => '80'
    'REMOTE_ADDR' => '::1'
    'DOCUMENT_ROOT' => 'D:/xampp/htdocs'
    'REQUEST_SCHEME' => 'http'
    'CONTEXT_PREFIX' => ''
    'CONTEXT_DOCUMENT_ROOT' => 'D:/xampp/htdocs'
    'SERVER_ADMIN' => 'postmaster@localhost'
    'SCRIPT_FILENAME' => 'D:/xampp/htdocs/tnde/backend/web/index.php'
    'REMOTE_PORT' => '50823'
    'GATEWAY_INTERFACE' => 'CGI/1.1'
    'SERVER_PROTOCOL' => 'HTTP/1.1'
    'REQUEST_METHOD' => 'GET'
    'QUERY_STRING' => 'r=site%2Flogin'
    'REQUEST_URI' => '/tnde/backend/web/index.php?r=site%2Flogin'
    'SCRIPT_NAME' => '/tnde/backend/web/index.php'
    'PHP_SELF' => '/tnde/backend/web/index.php'
    'REQUEST_TIME_FLOAT' => 1485694636.567
    'REQUEST_TIME' => 1485694636
]
2017-01-29 14:24:23 [::1][-][ssc4dkco6dnglpmolchob885s7][error][yii\web\HttpException:404] exception 'yii\base\InvalidRouteException' with message 'Unable to resolve the request: site/request-password-reset' in D:\xampp\htdocs\tnde\vendor\yiisoft\yii2\base\Controller.php:125
Stack trace:
#0 D:\xampp\htdocs\tnde\vendor\yiisoft\yii2\base\Module.php(454): yii\base\Controller->runAction('request-passwor...', Array)
#1 D:\xampp\htdocs\tnde\vendor\yiisoft\yii2\web\Application.php(100): yii\base\Module->runAction('site/request-pa...', Array)
#2 D:\xampp\htdocs\tnde\vendor\yiisoft\yii2\base\Application.php(375): yii\web\Application->handleRequest(Object(yii\web\Request))
#3 D:\xampp\htdocs\tnde\backend\web\index.php(17): yii\base\Application->run()
#4 {main}

Next exception 'yii\web\NotFoundHttpException' with message 'Page not found.' in D:\xampp\htdocs\tnde\vendor\yiisoft\yii2\web\Application.php:112
Stack trace:
#0 D:\xampp\htdocs\tnde\vendor\yiisoft\yii2\base\Application.php(375): yii\web\Application->handleRequest(Object(yii\web\Request))
#1 D:\xampp\htdocs\tnde\backend\web\index.php(17): yii\base\Application->run()
#2 {main}
2017-01-29 14:24:22 [::1][-][ssc4dkco6dnglpmolchob885s7][info][application] $_COOKIE = [
    '_identity' => '2e47093533102607c6c35e02da8ea7c244dfaf134aabf2287b4bb0f0ceb32b7ea:2:{i:0;s:9:\"_identity\";i:1;s:46:\"[1,\"OhM2qyAgJjPR2W47nFbL1saItW08AlA3\",2592000]\";}'
    '_csrf-backend' => '177e2bf2e99a9ae36ab2c35a25550d86e599e936172860cfa39dde33811d9c7ea:2:{i:0;s:13:\"_csrf-backend\";i:1;s:32:\"fLfok-Ksh7-BGUecoyRpVm8Yi8G3mU0z\";}'
    'advanced-backend' => 'ssc4dkco6dnglpmolchob885s7'
]

$_SESSION = [
    '__flash' => []
    '__returnUrl' => '/tnde/backend/web/'
]

$_SERVER = [
    'REDIRECT_MIBDIRS' => 'D:/xampp/php/extras/mibs'
    'REDIRECT_MYSQL_HOME' => '\\xampp\\mysql\\bin'
    'REDIRECT_OPENSSL_CONF' => 'D:/xampp/apache/bin/openssl.cnf'
    'REDIRECT_PHP_PEAR_SYSCONF_DIR' => '\\xampp\\php'
    'REDIRECT_PHPRC' => '\\xampp\\php'
    'REDIRECT_TMP' => '\\xampp\\tmp'
    'REDIRECT_STATUS' => '200'
    'MIBDIRS' => 'D:/xampp/php/extras/mibs'
    'MYSQL_HOME' => '\\xampp\\mysql\\bin'
    'OPENSSL_CONF' => 'D:/xampp/apache/bin/openssl.cnf'
    'PHP_PEAR_SYSCONF_DIR' => '\\xampp\\php'
    'PHPRC' => '\\xampp\\php'
    'TMP' => '\\xampp\\tmp'
    'HTTP_HOST' => 'localhost'
    'HTTP_CONNECTION' => 'keep-alive'
    'HTTP_UPGRADE_INSECURE_REQUESTS' => '1'
    'HTTP_USER_AGENT' => 'Mozilla/5.0 (Windows NT 10.0; Win64; x64) AppleWebKit/537.36 (KHTML, like Gecko) Chrome/55.0.2883.87 Safari/537.36'
    'HTTP_ACCEPT' => 'text/html,application/xhtml+xml,application/xml;q=0.9,image/webp,*/*;q=0.8'
    'HTTP_REFERER' => 'http://localhost/tnde/backend/web/site/login'
    'HTTP_ACCEPT_ENCODING' => 'gzip, deflate, sdch, br'
    'HTTP_ACCEPT_LANGUAGE' => 'en-US,en;q=0.8'
    'HTTP_COOKIE' => '_identity=2e47093533102607c6c35e02da8ea7c244dfaf134aabf2287b4bb0f0ceb32b7ea%3A2%3A%7Bi%3A0%3Bs%3A9%3A%22_identity%22%3Bi%3A1%3Bs%3A46%3A%22%5B1%2C%22OhM2qyAgJjPR2W47nFbL1saItW08AlA3%22%2C2592000%5D%22%3B%7D; _csrf-backend=177e2bf2e99a9ae36ab2c35a25550d86e599e936172860cfa39dde33811d9c7ea%3A2%3A%7Bi%3A0%3Bs%3A13%3A%22_csrf-backend%22%3Bi%3A1%3Bs%3A32%3A%22fLfok-Ksh7-BGUecoyRpVm8Yi8G3mU0z%22%3B%7D; advanced-backend=ssc4dkco6dnglpmolchob885s7'
    'PATH' => 'C:\\ProgramData\\Oracle\\Java\\javapath;C:\\Program Files (x86)\\Intel\\iCLS Client\\;C:\\Program Files\\Intel\\iCLS Client\\;C:\\WINDOWS\\system32;C:\\WINDOWS;C:\\WINDOWS\\System32\\Wbem;C:\\WINDOWS\\System32\\WindowsPowerShell\\v1.0\\;C:\\Program Files\\Intel\\Intel(R) Management Engine Components\\DAL;C:\\Program Files (x86)\\Intel\\Intel(R) Management Engine Components\\DAL;C:\\Program Files\\Intel\\Intel(R) Management Engine Components\\IPT;C:\\Program Files (x86)\\Intel\\Intel(R) Management Engine Components\\IPT;C:\\Program Files (x86)\\Skype\\Phone\\;C:\\Program Files (x86)\\Microsoft SQL Server\\100\\Tools\\Binn\\;C:\\Program Files\\Microsoft SQL Server\\100\\Tools\\Binn\\;C:\\Program Files\\Microsoft SQL Server\\100\\DTS\\Binn\\;D:\\xampp\\php;C:\\ProgramData\\ComposerSetup\\bin;C:\\Program Files\\Git\\cmd;C:\\Program Files (x86)\\Windows Live\\Shared;C:\\Users\\Administrator\\AppData\\Local\\Microsoft\\WindowsApps;C:\\Users\\Administrator\\AppData\\Roaming\\Composer\\vendor\\bin'
    'SystemRoot' => 'C:\\WINDOWS'
    'COMSPEC' => 'C:\\WINDOWS\\system32\\cmd.exe'
    'PATHEXT' => '.COM;.EXE;.BAT;.CMD;.VBS;.VBE;.JS;.JSE;.WSF;.WSH;.MSC'
    'WINDIR' => 'C:\\WINDOWS'
    'SERVER_SIGNATURE' => '<address>Apache/2.4.23 (Win32) OpenSSL/1.0.2h Server at localhost Port 80</address>
'
    'SERVER_SOFTWARE' => 'Apache/2.4.23 (Win32) OpenSSL/1.0.2h'
    'SERVER_NAME' => 'localhost'
    'SERVER_ADDR' => '::1'
    'SERVER_PORT' => '80'
    'REMOTE_ADDR' => '::1'
    'DOCUMENT_ROOT' => 'D:/xampp/htdocs'
    'REQUEST_SCHEME' => 'http'
    'CONTEXT_PREFIX' => ''
    'CONTEXT_DOCUMENT_ROOT' => 'D:/xampp/htdocs'
    'SERVER_ADMIN' => 'postmaster@localhost'
    'SCRIPT_FILENAME' => 'D:/xampp/htdocs/tnde/backend/web/index.php'
    'REMOTE_PORT' => '51007'
    'REDIRECT_URL' => '/tnde/backend/web/site/request-password-reset'
    'GATEWAY_INTERFACE' => 'CGI/1.1'
    'SERVER_PROTOCOL' => 'HTTP/1.1'
    'REQUEST_METHOD' => 'GET'
    'QUERY_STRING' => ''
    'REQUEST_URI' => '/tnde/backend/web/site/request-password-reset'
    'SCRIPT_NAME' => '/tnde/backend/web/index.php'
    'PHP_SELF' => '/tnde/backend/web/index.php'
    'REQUEST_TIME_FLOAT' => 1485696262.985
    'REQUEST_TIME' => 1485696262
]
2017-01-29 14:25:21 [::1][-][ssc4dkco6dnglpmolchob885s7][error][yii\web\HttpException:404] exception 'yii\base\InvalidRouteException' with message 'Unable to resolve the request: site/request-password-reset-token' in D:\xampp\htdocs\tnde\vendor\yiisoft\yii2\base\Controller.php:125
Stack trace:
#0 D:\xampp\htdocs\tnde\vendor\yiisoft\yii2\base\Module.php(454): yii\base\Controller->runAction('request-passwor...', Array)
#1 D:\xampp\htdocs\tnde\vendor\yiisoft\yii2\web\Application.php(100): yii\base\Module->runAction('site/request-pa...', Array)
#2 D:\xampp\htdocs\tnde\vendor\yiisoft\yii2\base\Application.php(375): yii\web\Application->handleRequest(Object(yii\web\Request))
#3 D:\xampp\htdocs\tnde\backend\web\index.php(17): yii\base\Application->run()
#4 {main}

Next exception 'yii\web\NotFoundHttpException' with message 'Page not found.' in D:\xampp\htdocs\tnde\vendor\yiisoft\yii2\web\Application.php:112
Stack trace:
#0 D:\xampp\htdocs\tnde\vendor\yiisoft\yii2\base\Application.php(375): yii\web\Application->handleRequest(Object(yii\web\Request))
#1 D:\xampp\htdocs\tnde\backend\web\index.php(17): yii\base\Application->run()
#2 {main}
2017-01-29 14:25:21 [::1][-][ssc4dkco6dnglpmolchob885s7][info][application] $_COOKIE = [
    '_identity' => '2e47093533102607c6c35e02da8ea7c244dfaf134aabf2287b4bb0f0ceb32b7ea:2:{i:0;s:9:\"_identity\";i:1;s:46:\"[1,\"OhM2qyAgJjPR2W47nFbL1saItW08AlA3\",2592000]\";}'
    '_csrf-backend' => '177e2bf2e99a9ae36ab2c35a25550d86e599e936172860cfa39dde33811d9c7ea:2:{i:0;s:13:\"_csrf-backend\";i:1;s:32:\"fLfok-Ksh7-BGUecoyRpVm8Yi8G3mU0z\";}'
    'advanced-backend' => 'ssc4dkco6dnglpmolchob885s7'
]

$_SESSION = [
    '__flash' => []
    '__returnUrl' => '/tnde/backend/web/'
]

$_SERVER = [
    'REDIRECT_MIBDIRS' => 'D:/xampp/php/extras/mibs'
    'REDIRECT_MYSQL_HOME' => '\\xampp\\mysql\\bin'
    'REDIRECT_OPENSSL_CONF' => 'D:/xampp/apache/bin/openssl.cnf'
    'REDIRECT_PHP_PEAR_SYSCONF_DIR' => '\\xampp\\php'
    'REDIRECT_PHPRC' => '\\xampp\\php'
    'REDIRECT_TMP' => '\\xampp\\tmp'
    'REDIRECT_STATUS' => '200'
    'MIBDIRS' => 'D:/xampp/php/extras/mibs'
    'MYSQL_HOME' => '\\xampp\\mysql\\bin'
    'OPENSSL_CONF' => 'D:/xampp/apache/bin/openssl.cnf'
    'PHP_PEAR_SYSCONF_DIR' => '\\xampp\\php'
    'PHPRC' => '\\xampp\\php'
    'TMP' => '\\xampp\\tmp'
    'HTTP_HOST' => 'localhost'
    'HTTP_CONNECTION' => 'keep-alive'
    'HTTP_UPGRADE_INSECURE_REQUESTS' => '1'
    'HTTP_USER_AGENT' => 'Mozilla/5.0 (Windows NT 10.0; Win64; x64) AppleWebKit/537.36 (KHTML, like Gecko) Chrome/55.0.2883.87 Safari/537.36'
    'HTTP_ACCEPT' => 'text/html,application/xhtml+xml,application/xml;q=0.9,image/webp,*/*;q=0.8'
    'HTTP_REFERER' => 'http://localhost/tnde/backend/web/site/login'
    'HTTP_ACCEPT_ENCODING' => 'gzip, deflate, sdch, br'
    'HTTP_ACCEPT_LANGUAGE' => 'en-US,en;q=0.8'
    'HTTP_COOKIE' => '_identity=2e47093533102607c6c35e02da8ea7c244dfaf134aabf2287b4bb0f0ceb32b7ea%3A2%3A%7Bi%3A0%3Bs%3A9%3A%22_identity%22%3Bi%3A1%3Bs%3A46%3A%22%5B1%2C%22OhM2qyAgJjPR2W47nFbL1saItW08AlA3%22%2C2592000%5D%22%3B%7D; _csrf-backend=177e2bf2e99a9ae36ab2c35a25550d86e599e936172860cfa39dde33811d9c7ea%3A2%3A%7Bi%3A0%3Bs%3A13%3A%22_csrf-backend%22%3Bi%3A1%3Bs%3A32%3A%22fLfok-Ksh7-BGUecoyRpVm8Yi8G3mU0z%22%3B%7D; advanced-backend=ssc4dkco6dnglpmolchob885s7'
    'PATH' => 'C:\\ProgramData\\Oracle\\Java\\javapath;C:\\Program Files (x86)\\Intel\\iCLS Client\\;C:\\Program Files\\Intel\\iCLS Client\\;C:\\WINDOWS\\system32;C:\\WINDOWS;C:\\WINDOWS\\System32\\Wbem;C:\\WINDOWS\\System32\\WindowsPowerShell\\v1.0\\;C:\\Program Files\\Intel\\Intel(R) Management Engine Components\\DAL;C:\\Program Files (x86)\\Intel\\Intel(R) Management Engine Components\\DAL;C:\\Program Files\\Intel\\Intel(R) Management Engine Components\\IPT;C:\\Program Files (x86)\\Intel\\Intel(R) Management Engine Components\\IPT;C:\\Program Files (x86)\\Skype\\Phone\\;C:\\Program Files (x86)\\Microsoft SQL Server\\100\\Tools\\Binn\\;C:\\Program Files\\Microsoft SQL Server\\100\\Tools\\Binn\\;C:\\Program Files\\Microsoft SQL Server\\100\\DTS\\Binn\\;D:\\xampp\\php;C:\\ProgramData\\ComposerSetup\\bin;C:\\Program Files\\Git\\cmd;C:\\Program Files (x86)\\Windows Live\\Shared;C:\\Users\\Administrator\\AppData\\Local\\Microsoft\\WindowsApps;C:\\Users\\Administrator\\AppData\\Roaming\\Composer\\vendor\\bin'
    'SystemRoot' => 'C:\\WINDOWS'
    'COMSPEC' => 'C:\\WINDOWS\\system32\\cmd.exe'
    'PATHEXT' => '.COM;.EXE;.BAT;.CMD;.VBS;.VBE;.JS;.JSE;.WSF;.WSH;.MSC'
    'WINDIR' => 'C:\\WINDOWS'
    'SERVER_SIGNATURE' => '<address>Apache/2.4.23 (Win32) OpenSSL/1.0.2h Server at localhost Port 80</address>
'
    'SERVER_SOFTWARE' => 'Apache/2.4.23 (Win32) OpenSSL/1.0.2h'
    'SERVER_NAME' => 'localhost'
    'SERVER_ADDR' => '::1'
    'SERVER_PORT' => '80'
    'REMOTE_ADDR' => '::1'
    'DOCUMENT_ROOT' => 'D:/xampp/htdocs'
    'REQUEST_SCHEME' => 'http'
    'CONTEXT_PREFIX' => ''
    'CONTEXT_DOCUMENT_ROOT' => 'D:/xampp/htdocs'
    'SERVER_ADMIN' => 'postmaster@localhost'
    'SCRIPT_FILENAME' => 'D:/xampp/htdocs/tnde/backend/web/index.php'
    'REMOTE_PORT' => '51014'
    'REDIRECT_URL' => '/tnde/backend/web/site/request-password-reset-token'
    'GATEWAY_INTERFACE' => 'CGI/1.1'
    'SERVER_PROTOCOL' => 'HTTP/1.1'
    'REQUEST_METHOD' => 'GET'
    'QUERY_STRING' => ''
    'REQUEST_URI' => '/tnde/backend/web/site/request-password-reset-token'
    'SCRIPT_NAME' => '/tnde/backend/web/index.php'
    'PHP_SELF' => '/tnde/backend/web/index.php'
    'REQUEST_TIME_FLOAT' => 1485696321.161
    'REQUEST_TIME' => 1485696321
]
2017-01-29 14:26:12 [::1][1][84e0pq7f7p9em0k05279i7tjr7][error][yii\web\HttpException:404] exception 'yii\base\InvalidRouteException' with message 'Unable to resolve the request "login".' in D:\xampp\htdocs\tnde\vendor\yiisoft\yii2\base\Module.php:462
Stack trace:
#0 D:\xampp\htdocs\tnde\vendor\yiisoft\yii2\web\Application.php(100): yii\base\Module->runAction('login', Array)
#1 D:\xampp\htdocs\tnde\vendor\yiisoft\yii2\base\Application.php(375): yii\web\Application->handleRequest(Object(yii\web\Request))
#2 D:\xampp\htdocs\tnde\backend\web\index.php(17): yii\base\Application->run()
#3 {main}

Next exception 'yii\web\NotFoundHttpException' with message 'Page not found.' in D:\xampp\htdocs\tnde\vendor\yiisoft\yii2\web\Application.php:112
Stack trace:
#0 D:\xampp\htdocs\tnde\vendor\yiisoft\yii2\base\Application.php(375): yii\web\Application->handleRequest(Object(yii\web\Request))
#1 D:\xampp\htdocs\tnde\backend\web\index.php(17): yii\base\Application->run()
#2 {main}
2017-01-29 14:26:12 [::1][1][84e0pq7f7p9em0k05279i7tjr7][info][application] $_COOKIE = [
    '_identity' => '2e47093533102607c6c35e02da8ea7c244dfaf134aabf2287b4bb0f0ceb32b7ea:2:{i:0;s:9:\"_identity\";i:1;s:46:\"[1,\"OhM2qyAgJjPR2W47nFbL1saItW08AlA3\",2592000]\";}'
    '_csrf-backend' => '177e2bf2e99a9ae36ab2c35a25550d86e599e936172860cfa39dde33811d9c7ea:2:{i:0;s:13:\"_csrf-backend\";i:1;s:32:\"fLfok-Ksh7-BGUecoyRpVm8Yi8G3mU0z\";}'
    'advanced-backend' => '84e0pq7f7p9em0k05279i7tjr7'
    '_identity-backend' => '8840aee61c6902185a67037c9a900c853b732d889c2b5152976634f415e94d43a:2:{i:0;s:17:\"_identity-backend\";i:1;s:46:\"[1,\"OhM2qyAgJjPR2W47nFbL1saItW08AlA3\",2592000]\";}'
]

$_SESSION = [
    '__flash' => []
    '__returnUrl' => '/tnde/backend/web/'
    '__id' => 1
]

$_SERVER = [
    'REDIRECT_MIBDIRS' => 'D:/xampp/php/extras/mibs'
    'REDIRECT_MYSQL_HOME' => '\\xampp\\mysql\\bin'
    'REDIRECT_OPENSSL_CONF' => 'D:/xampp/apache/bin/openssl.cnf'
    'REDIRECT_PHP_PEAR_SYSCONF_DIR' => '\\xampp\\php'
    'REDIRECT_PHPRC' => '\\xampp\\php'
    'REDIRECT_TMP' => '\\xampp\\tmp'
    'REDIRECT_STATUS' => '200'
    'MIBDIRS' => 'D:/xampp/php/extras/mibs'
    'MYSQL_HOME' => '\\xampp\\mysql\\bin'
    'OPENSSL_CONF' => 'D:/xampp/apache/bin/openssl.cnf'
    'PHP_PEAR_SYSCONF_DIR' => '\\xampp\\php'
    'PHPRC' => '\\xampp\\php'
    'TMP' => '\\xampp\\tmp'
    'HTTP_HOST' => 'localhost'
    'HTTP_CONNECTION' => 'keep-alive'
    'HTTP_UPGRADE_INSECURE_REQUESTS' => '1'
    'HTTP_USER_AGENT' => 'Mozilla/5.0 (Windows NT 10.0; Win64; x64) AppleWebKit/537.36 (KHTML, like Gecko) Chrome/55.0.2883.87 Safari/537.36'
    'HTTP_ACCEPT' => 'text/html,application/xhtml+xml,application/xml;q=0.9,image/webp,*/*;q=0.8'
    'HTTP_REFERER' => 'http://localhost/tnde/backend/web/'
    'HTTP_ACCEPT_ENCODING' => 'gzip, deflate, sdch, br'
    'HTTP_ACCEPT_LANGUAGE' => 'en-US,en;q=0.8'
    'HTTP_COOKIE' => '_identity=2e47093533102607c6c35e02da8ea7c244dfaf134aabf2287b4bb0f0ceb32b7ea%3A2%3A%7Bi%3A0%3Bs%3A9%3A%22_identity%22%3Bi%3A1%3Bs%3A46%3A%22%5B1%2C%22OhM2qyAgJjPR2W47nFbL1saItW08AlA3%22%2C2592000%5D%22%3B%7D; _csrf-backend=177e2bf2e99a9ae36ab2c35a25550d86e599e936172860cfa39dde33811d9c7ea%3A2%3A%7Bi%3A0%3Bs%3A13%3A%22_csrf-backend%22%3Bi%3A1%3Bs%3A32%3A%22fLfok-Ksh7-BGUecoyRpVm8Yi8G3mU0z%22%3B%7D; advanced-backend=84e0pq7f7p9em0k05279i7tjr7; _identity-backend=8840aee61c6902185a67037c9a900c853b732d889c2b5152976634f415e94d43a%3A2%3A%7Bi%3A0%3Bs%3A17%3A%22_identity-backend%22%3Bi%3A1%3Bs%3A46%3A%22%5B1%2C%22OhM2qyAgJjPR2W47nFbL1saItW08AlA3%22%2C2592000%5D%22%3B%7D'
    'PATH' => 'C:\\ProgramData\\Oracle\\Java\\javapath;C:\\Program Files (x86)\\Intel\\iCLS Client\\;C:\\Program Files\\Intel\\iCLS Client\\;C:\\WINDOWS\\system32;C:\\WINDOWS;C:\\WINDOWS\\System32\\Wbem;C:\\WINDOWS\\System32\\WindowsPowerShell\\v1.0\\;C:\\Program Files\\Intel\\Intel(R) Management Engine Components\\DAL;C:\\Program Files (x86)\\Intel\\Intel(R) Management Engine Components\\DAL;C:\\Program Files\\Intel\\Intel(R) Management Engine Components\\IPT;C:\\Program Files (x86)\\Intel\\Intel(R) Management Engine Components\\IPT;C:\\Program Files (x86)\\Skype\\Phone\\;C:\\Program Files (x86)\\Microsoft SQL Server\\100\\Tools\\Binn\\;C:\\Program Files\\Microsoft SQL Server\\100\\Tools\\Binn\\;C:\\Program Files\\Microsoft SQL Server\\100\\DTS\\Binn\\;D:\\xampp\\php;C:\\ProgramData\\ComposerSetup\\bin;C:\\Program Files\\Git\\cmd;C:\\Program Files (x86)\\Windows Live\\Shared;C:\\Users\\Administrator\\AppData\\Local\\Microsoft\\WindowsApps;C:\\Users\\Administrator\\AppData\\Roaming\\Composer\\vendor\\bin'
    'SystemRoot' => 'C:\\WINDOWS'
    'COMSPEC' => 'C:\\WINDOWS\\system32\\cmd.exe'
    'PATHEXT' => '.COM;.EXE;.BAT;.CMD;.VBS;.VBE;.JS;.JSE;.WSF;.WSH;.MSC'
    'WINDIR' => 'C:\\WINDOWS'
    'SERVER_SIGNATURE' => '<address>Apache/2.4.23 (Win32) OpenSSL/1.0.2h Server at localhost Port 80</address>
'
    'SERVER_SOFTWARE' => 'Apache/2.4.23 (Win32) OpenSSL/1.0.2h'
    'SERVER_NAME' => 'localhost'
    'SERVER_ADDR' => '::1'
    'SERVER_PORT' => '80'
    'REMOTE_ADDR' => '::1'
    'DOCUMENT_ROOT' => 'D:/xampp/htdocs'
    'REQUEST_SCHEME' => 'http'
    'CONTEXT_PREFIX' => ''
    'CONTEXT_DOCUMENT_ROOT' => 'D:/xampp/htdocs'
    'SERVER_ADMIN' => 'postmaster@localhost'
    'SCRIPT_FILENAME' => 'D:/xampp/htdocs/tnde/backend/web/index.php'
    'REMOTE_PORT' => '51027'
    'REDIRECT_URL' => '/tnde/backend/web/login'
    'GATEWAY_INTERFACE' => 'CGI/1.1'
    'SERVER_PROTOCOL' => 'HTTP/1.1'
    'REQUEST_METHOD' => 'GET'
    'QUERY_STRING' => ''
    'REQUEST_URI' => '/tnde/backend/web/login'
    'SCRIPT_NAME' => '/tnde/backend/web/index.php'
    'PHP_SELF' => '/tnde/backend/web/index.php'
    'REQUEST_TIME_FLOAT' => 1485696372.879
    'REQUEST_TIME' => 1485696372
]
2017-01-29 14:26:49 [::1][1][84e0pq7f7p9em0k05279i7tjr7][error][yii\web\HttpException:404] exception 'yii\base\InvalidRouteException' with message 'Unable to resolve the request "login".' in D:\xampp\htdocs\tnde\vendor\yiisoft\yii2\base\Module.php:462
Stack trace:
#0 D:\xampp\htdocs\tnde\vendor\yiisoft\yii2\web\Application.php(100): yii\base\Module->runAction('login', Array)
#1 D:\xampp\htdocs\tnde\vendor\yiisoft\yii2\base\Application.php(375): yii\web\Application->handleRequest(Object(yii\web\Request))
#2 D:\xampp\htdocs\tnde\backend\web\index.php(17): yii\base\Application->run()
#3 {main}

Next exception 'yii\web\NotFoundHttpException' with message 'Page not found.' in D:\xampp\htdocs\tnde\vendor\yiisoft\yii2\web\Application.php:112
Stack trace:
#0 D:\xampp\htdocs\tnde\vendor\yiisoft\yii2\base\Application.php(375): yii\web\Application->handleRequest(Object(yii\web\Request))
#1 D:\xampp\htdocs\tnde\backend\web\index.php(17): yii\base\Application->run()
#2 {main}
2017-01-29 14:26:49 [::1][1][84e0pq7f7p9em0k05279i7tjr7][info][application] $_COOKIE = [
    '_identity' => '2e47093533102607c6c35e02da8ea7c244dfaf134aabf2287b4bb0f0ceb32b7ea:2:{i:0;s:9:\"_identity\";i:1;s:46:\"[1,\"OhM2qyAgJjPR2W47nFbL1saItW08AlA3\",2592000]\";}'
    '_csrf-backend' => '177e2bf2e99a9ae36ab2c35a25550d86e599e936172860cfa39dde33811d9c7ea:2:{i:0;s:13:\"_csrf-backend\";i:1;s:32:\"fLfok-Ksh7-BGUecoyRpVm8Yi8G3mU0z\";}'
    'advanced-backend' => '84e0pq7f7p9em0k05279i7tjr7'
    '_identity-backend' => '8840aee61c6902185a67037c9a900c853b732d889c2b5152976634f415e94d43a:2:{i:0;s:17:\"_identity-backend\";i:1;s:46:\"[1,\"OhM2qyAgJjPR2W47nFbL1saItW08AlA3\",2592000]\";}'
]

$_SESSION = [
    '__flash' => []
    '__returnUrl' => '/tnde/backend/web/'
    '__id' => 1
]

$_SERVER = [
    'REDIRECT_MIBDIRS' => 'D:/xampp/php/extras/mibs'
    'REDIRECT_MYSQL_HOME' => '\\xampp\\mysql\\bin'
    'REDIRECT_OPENSSL_CONF' => 'D:/xampp/apache/bin/openssl.cnf'
    'REDIRECT_PHP_PEAR_SYSCONF_DIR' => '\\xampp\\php'
    'REDIRECT_PHPRC' => '\\xampp\\php'
    'REDIRECT_TMP' => '\\xampp\\tmp'
    'REDIRECT_STATUS' => '200'
    'MIBDIRS' => 'D:/xampp/php/extras/mibs'
    'MYSQL_HOME' => '\\xampp\\mysql\\bin'
    'OPENSSL_CONF' => 'D:/xampp/apache/bin/openssl.cnf'
    'PHP_PEAR_SYSCONF_DIR' => '\\xampp\\php'
    'PHPRC' => '\\xampp\\php'
    'TMP' => '\\xampp\\tmp'
    'HTTP_HOST' => 'localhost'
    'HTTP_CONNECTION' => 'keep-alive'
    'HTTP_CACHE_CONTROL' => 'max-age=0'
    'HTTP_UPGRADE_INSECURE_REQUESTS' => '1'
    'HTTP_USER_AGENT' => 'Mozilla/5.0 (Windows NT 10.0; Win64; x64) AppleWebKit/537.36 (KHTML, like Gecko) Chrome/55.0.2883.87 Safari/537.36'
    'HTTP_ACCEPT' => 'text/html,application/xhtml+xml,application/xml;q=0.9,image/webp,*/*;q=0.8'
    'HTTP_REFERER' => 'http://localhost/tnde/backend/web/'
    'HTTP_ACCEPT_ENCODING' => 'gzip, deflate, sdch, br'
    'HTTP_ACCEPT_LANGUAGE' => 'en-US,en;q=0.8'
    'HTTP_COOKIE' => '_identity=2e47093533102607c6c35e02da8ea7c244dfaf134aabf2287b4bb0f0ceb32b7ea%3A2%3A%7Bi%3A0%3Bs%3A9%3A%22_identity%22%3Bi%3A1%3Bs%3A46%3A%22%5B1%2C%22OhM2qyAgJjPR2W47nFbL1saItW08AlA3%22%2C2592000%5D%22%3B%7D; _csrf-backend=177e2bf2e99a9ae36ab2c35a25550d86e599e936172860cfa39dde33811d9c7ea%3A2%3A%7Bi%3A0%3Bs%3A13%3A%22_csrf-backend%22%3Bi%3A1%3Bs%3A32%3A%22fLfok-Ksh7-BGUecoyRpVm8Yi8G3mU0z%22%3B%7D; advanced-backend=84e0pq7f7p9em0k05279i7tjr7; _identity-backend=8840aee61c6902185a67037c9a900c853b732d889c2b5152976634f415e94d43a%3A2%3A%7Bi%3A0%3Bs%3A17%3A%22_identity-backend%22%3Bi%3A1%3Bs%3A46%3A%22%5B1%2C%22OhM2qyAgJjPR2W47nFbL1saItW08AlA3%22%2C2592000%5D%22%3B%7D'
    'PATH' => 'C:\\ProgramData\\Oracle\\Java\\javapath;C:\\Program Files (x86)\\Intel\\iCLS Client\\;C:\\Program Files\\Intel\\iCLS Client\\;C:\\WINDOWS\\system32;C:\\WINDOWS;C:\\WINDOWS\\System32\\Wbem;C:\\WINDOWS\\System32\\WindowsPowerShell\\v1.0\\;C:\\Program Files\\Intel\\Intel(R) Management Engine Components\\DAL;C:\\Program Files (x86)\\Intel\\Intel(R) Management Engine Components\\DAL;C:\\Program Files\\Intel\\Intel(R) Management Engine Components\\IPT;C:\\Program Files (x86)\\Intel\\Intel(R) Management Engine Components\\IPT;C:\\Program Files (x86)\\Skype\\Phone\\;C:\\Program Files (x86)\\Microsoft SQL Server\\100\\Tools\\Binn\\;C:\\Program Files\\Microsoft SQL Server\\100\\Tools\\Binn\\;C:\\Program Files\\Microsoft SQL Server\\100\\DTS\\Binn\\;D:\\xampp\\php;C:\\ProgramData\\ComposerSetup\\bin;C:\\Program Files\\Git\\cmd;C:\\Program Files (x86)\\Windows Live\\Shared;C:\\Users\\Administrator\\AppData\\Local\\Microsoft\\WindowsApps;C:\\Users\\Administrator\\AppData\\Roaming\\Composer\\vendor\\bin'
    'SystemRoot' => 'C:\\WINDOWS'
    'COMSPEC' => 'C:\\WINDOWS\\system32\\cmd.exe'
    'PATHEXT' => '.COM;.EXE;.BAT;.CMD;.VBS;.VBE;.JS;.JSE;.WSF;.WSH;.MSC'
    'WINDIR' => 'C:\\WINDOWS'
    'SERVER_SIGNATURE' => '<address>Apache/2.4.23 (Win32) OpenSSL/1.0.2h Server at localhost Port 80</address>
'
    'SERVER_SOFTWARE' => 'Apache/2.4.23 (Win32) OpenSSL/1.0.2h'
    'SERVER_NAME' => 'localhost'
    'SERVER_ADDR' => '::1'
    'SERVER_PORT' => '80'
    'REMOTE_ADDR' => '::1'
    'DOCUMENT_ROOT' => 'D:/xampp/htdocs'
    'REQUEST_SCHEME' => 'http'
    'CONTEXT_PREFIX' => ''
    'CONTEXT_DOCUMENT_ROOT' => 'D:/xampp/htdocs'
    'SERVER_ADMIN' => 'postmaster@localhost'
    'SCRIPT_FILENAME' => 'D:/xampp/htdocs/tnde/backend/web/index.php'
    'REMOTE_PORT' => '51030'
    'REDIRECT_URL' => '/tnde/backend/web/login'
    'GATEWAY_INTERFACE' => 'CGI/1.1'
    'SERVER_PROTOCOL' => 'HTTP/1.1'
    'REQUEST_METHOD' => 'GET'
    'QUERY_STRING' => ''
    'REQUEST_URI' => '/tnde/backend/web/login'
    'SCRIPT_NAME' => '/tnde/backend/web/index.php'
    'PHP_SELF' => '/tnde/backend/web/index.php'
    'REQUEST_TIME_FLOAT' => 1485696409.415
    'REQUEST_TIME' => 1485696409
]
